Command line invocation:
    /Applications/Xcode.app/Contents/Developer/usr/bin/xcodebuild -project "/Users/saito/Develop/Click/Cl!ck.xcodeproj" -scheme "Cl!ck" clean archive -archivePath "/var/folders/6m/9b8wq6md1gg17mjdr0j7hqk00000gn/T/__codesigndoc__771078881/Cl!ck.xcarchive"

User defaults from command line:
    IDEArchivePathOverride = /var/folders/6m/9b8wq6md1gg17mjdr0j7hqk00000gn/T/__codesigndoc__771078881/Cl!ck.xcarchive

note: Using new build system
note: Building targets in parallel
Setting version of project Cl!ck to: 
    749.

Also setting CFBundleVersion key (assuming it exists)

Updating CFBundleVersion in Info.plist(s)...

Updated CFBundleVersion in "Cl!ck.xcodeproj/../Click/Info.plist" to 749
Updated CFBundleVersion in "Cl!ck.xcodeproj/../ClickTests/Info.plist" to 749
Updated CFBundleVersion in "Cl!ck.xcodeproj/../ClickUITests/Info.plist" to 749



** CLEAN SUCCEEDED **

note: Using new build system
note: Building targets in parallel
note: Planning build
note: Constructing build description
CreateBuildDirectory /Users/saito/Library/Developer/Xcode/DerivedData/Cl!ck-bfmwzmyniweqrgarnbzkjuaialon/Build/Intermediates.noindex/ArchiveIntermediates/Cl!ck/InstallationBuildProductsLocation (in target 'Cl!ck' from project 'Cl!ck')
    cd /Users/saito/Develop/Click
    builtin-create-build-directory /Users/saito/Library/Developer/Xcode/DerivedData/Cl\!ck-bfmwzmyniweqrgarnbzkjuaialon/Build/Intermediates.noindex/ArchiveIntermediates/Cl\!ck/InstallationBuildProductsLocation

CreateBuildDirectory /Users/saito/Library/Developer/Xcode/DerivedData/Cl!ck-bfmwzmyniweqrgarnbzkjuaialon/Build/Intermediates.noindex/ArchiveIntermediates/Cl!ck/BuildProductsPath (in target 'Cl!ck' from project 'Cl!ck')
    cd /Users/saito/Develop/Click
    builtin-create-build-directory /Users/saito/Library/Developer/Xcode/DerivedData/Cl\!ck-bfmwzmyniweqrgarnbzkjuaialon/Build/Intermediates.noindex/ArchiveIntermediates/Cl\!ck/BuildProductsPath

CreateBuildDirectory /Users/saito/Library/Developer/Xcode/DerivedData/Cl!ck-bfmwzmyniweqrgarnbzkjuaialon/Build/Intermediates.noindex/ArchiveIntermediates/Cl!ck/IntermediateBuildFilesPath (in target 'Cl!ck' from project 'Cl!ck')
    cd /Users/saito/Develop/Click
    builtin-create-build-directory /Users/saito/Library/Developer/Xcode/DerivedData/Cl\!ck-bfmwzmyniweqrgarnbzkjuaialon/Build/Intermediates.noindex/ArchiveIntermediates/Cl\!ck/IntermediateBuildFilesPath

SymLink /Users/saito/Library/Developer/Xcode/DerivedData/Cl!ck-bfmwzmyniweqrgarnbzkjuaialon/Build/Intermediates.noindex/ArchiveIntermediates/Cl!ck/BuildProductsPath/Release-iphoneos/Cl!ck.app /Users/saito/Library/Developer/Xcode/DerivedData/Cl!ck-bfmwzmyniweqrgarnbzkjuaialon/Build/Intermediates.noindex/ArchiveIntermediates/Cl!ck/InstallationBuildProductsLocation/Applications/Cl!ck.app (in target 'Cl!ck' from project 'Cl!ck')
    cd /Users/saito/Develop/Click
    /bin/ln -sfh /Users/saito/Library/Developer/Xcode/DerivedData/Cl\!ck-bfmwzmyniweqrgarnbzkjuaialon/Build/Intermediates.noindex/ArchiveIntermediates/Cl\!ck/InstallationBuildProductsLocation/Applications/Cl\!ck.app /Users/saito/Library/Developer/Xcode/DerivedData/Cl\!ck-bfmwzmyniweqrgarnbzkjuaialon/Build/Intermediates.noindex/ArchiveIntermediates/Cl\!ck/BuildProductsPath/Release-iphoneos/Cl\!ck.app

MkDir /Users/saito/Library/Developer/Xcode/DerivedData/Cl!ck-bfmwzmyniweqrgarnbzkjuaialon/Build/Intermediates.noindex/ArchiveIntermediates/Cl!ck/InstallationBuildProductsLocation/Applications/Cl!ck.app (in target 'Cl!ck' from project 'Cl!ck')
    cd /Users/saito/Develop/Click
    /bin/mkdir -p /Users/saito/Library/Developer/Xcode/DerivedData/Cl\!ck-bfmwzmyniweqrgarnbzkjuaialon/Build/Intermediates.noindex/ArchiveIntermediates/Cl\!ck/InstallationBuildProductsLocation/Applications/Cl\!ck.app

ProcessProductPackaging /Users/saito/Library/MobileDevice/Provisioning\ Profiles/cc265704-65bc-42c4-8f27-e94dea6e07f4.mobileprovision /Users/saito/Library/Developer/Xcode/DerivedData/Cl!ck-bfmwzmyniweqrgarnbzkjuaialon/Build/Intermediates.noindex/ArchiveIntermediates/Cl!ck/InstallationBuildProductsLocation/Applications/Cl!ck.app/embedded.mobileprovision (in target 'Cl!ck' from project 'Cl!ck')
    cd /Users/saito/Develop/Click
    builtin-productPackagingUtility /Users/saito/Library/MobileDevice/Provisioning\ Profiles/cc265704-65bc-42c4-8f27-e94dea6e07f4.mobileprovision -o /Users/saito/Library/Developer/Xcode/DerivedData/Cl\!ck-bfmwzmyniweqrgarnbzkjuaialon/Build/Intermediates.noindex/ArchiveIntermediates/Cl\!ck/InstallationBuildProductsLocation/Applications/Cl\!ck.app/embedded.mobileprovision

WriteAuxiliaryFile /Users/saito/Library/Developer/Xcode/DerivedData/Cl!ck-bfmwzmyniweqrgarnbzkjuaialon/Build/Intermediates.noindex/ArchiveIntermediates/Cl!ck/IntermediateBuildFilesPath/Cl!ck.build/Release-iphoneos/Cl!ck.build/DerivedSources/Entitlements.plist (in target 'Cl!ck' from project 'Cl!ck')
    cd /Users/saito/Develop/Click
    write-file /Users/saito/Library/Developer/Xcode/DerivedData/Cl\!ck-bfmwzmyniweqrgarnbzkjuaialon/Build/Intermediates.noindex/ArchiveIntermediates/Cl\!ck/IntermediateBuildFilesPath/Cl\!ck.build/Release-iphoneos/Cl\!ck.build/DerivedSources/Entitlements.plist

ProcessProductPackaging "" /Users/saito/Library/Developer/Xcode/DerivedData/Cl!ck-bfmwzmyniweqrgarnbzkjuaialon/Build/Intermediates.noindex/ArchiveIntermediates/Cl!ck/IntermediateBuildFilesPath/Cl!ck.build/Release-iphoneos/Cl!ck.build/Cl!ck.app.xcent (in target 'Cl!ck' from project 'Cl!ck')
    cd /Users/saito/Develop/Click
    

Entitlements:

{
    "application-identifier" = "7V98V7R7BG.com.ys-0-sy.click";
    "aps-environment" = development;
    "com.apple.developer.icloud-container-identifiers" =     (
        "iCloud.com.ys-0-sy.ClickCoreData"
    );
    "com.apple.developer.icloud-services" =     (
        CloudKit
    );
    "com.apple.developer.team-identifier" = 7V98V7R7BG;
    "get-task-allow" = 1;
}


    builtin-productPackagingUtility -entitlements -format xml -o /Users/saito/Library/Developer/Xcode/DerivedData/Cl\!ck-bfmwzmyniweqrgarnbzkjuaialon/Build/Intermediates.noindex/ArchiveIntermediates/Cl\!ck/IntermediateBuildFilesPath/Cl\!ck.build/Release-iphoneos/Cl\!ck.build/Cl\!ck.app.xcent

WriteAuxiliaryFile /Users/saito/Library/Developer/Xcode/DerivedData/Cl!ck-bfmwzmyniweqrgarnbzkjuaialon/Build/Intermediates.noindex/ArchiveIntermediates/Cl!ck/IntermediateBuildFilesPath/Cl!ck.build/Release-iphoneos/Cl!ck.build/all-product-headers.yaml (in target 'Cl!ck' from project 'Cl!ck')
    cd /Users/saito/Develop/Click
    write-file /Users/saito/Library/Developer/Xcode/DerivedData/Cl\!ck-bfmwzmyniweqrgarnbzkjuaialon/Build/Intermediates.noindex/ArchiveIntermediates/Cl\!ck/IntermediateBuildFilesPath/Cl\!ck.build/Release-iphoneos/Cl\!ck.build/all-product-headers.yaml

WriteAuxiliaryFile /Users/saito/Library/Developer/Xcode/DerivedData/Cl!ck-bfmwzmyniweqrgarnbzkjuaialon/Build/Intermediates.noindex/ArchiveIntermediates/Cl!ck/IntermediateBuildFilesPath/Cl!ck.build/Release-iphoneos/Cl!ck.build/Cl!ck.hmap (in target 'Cl!ck' from project 'Cl!ck')
    cd /Users/saito/Develop/Click
    write-file /Users/saito/Library/Developer/Xcode/DerivedData/Cl\!ck-bfmwzmyniweqrgarnbzkjuaialon/Build/Intermediates.noindex/ArchiveIntermediates/Cl\!ck/IntermediateBuildFilesPath/Cl\!ck.build/Release-iphoneos/Cl\!ck.build/Cl\!ck.hmap

WriteAuxiliaryFile /Users/saito/Library/Developer/Xcode/DerivedData/Cl!ck-bfmwzmyniweqrgarnbzkjuaialon/Build/Intermediates.noindex/ArchiveIntermediates/Cl!ck/IntermediateBuildFilesPath/Cl!ck.build/Release-iphoneos/Cl!ck.build/Cl!ck-generated-files.hmap (in target 'Cl!ck' from project 'Cl!ck')
    cd /Users/saito/Develop/Click
    write-file /Users/saito/Library/Developer/Xcode/DerivedData/Cl\!ck-bfmwzmyniweqrgarnbzkjuaialon/Build/Intermediates.noindex/ArchiveIntermediates/Cl\!ck/IntermediateBuildFilesPath/Cl\!ck.build/Release-iphoneos/Cl\!ck.build/Cl\!ck-generated-files.hmap

WriteAuxiliaryFile /Users/saito/Library/Developer/Xcode/DerivedData/Cl!ck-bfmwzmyniweqrgarnbzkjuaialon/Build/Intermediates.noindex/ArchiveIntermediates/Cl!ck/IntermediateBuildFilesPath/Cl!ck.build/Release-iphoneos/Cl!ck.build/Cl!ck-own-target-headers.hmap (in target 'Cl!ck' from project 'Cl!ck')
    cd /Users/saito/Develop/Click
    write-file /Users/saito/Library/Developer/Xcode/DerivedData/Cl\!ck-bfmwzmyniweqrgarnbzkjuaialon/Build/Intermediates.noindex/ArchiveIntermediates/Cl\!ck/IntermediateBuildFilesPath/Cl\!ck.build/Release-iphoneos/Cl\!ck.build/Cl\!ck-own-target-headers.hmap

WriteAuxiliaryFile /Users/saito/Library/Developer/Xcode/DerivedData/Cl!ck-bfmwzmyniweqrgarnbzkjuaialon/Build/Intermediates.noindex/ArchiveIntermediates/Cl!ck/IntermediateBuildFilesPath/Cl!ck.build/Release-iphoneos/Cl!ck.build/Cl!ck-project-headers.hmap (in target 'Cl!ck' from project 'Cl!ck')
    cd /Users/saito/Develop/Click
    write-file /Users/saito/Library/Developer/Xcode/DerivedData/Cl\!ck-bfmwzmyniweqrgarnbzkjuaialon/Build/Intermediates.noindex/ArchiveIntermediates/Cl\!ck/IntermediateBuildFilesPath/Cl\!ck.build/Release-iphoneos/Cl\!ck.build/Cl\!ck-project-headers.hmap

WriteAuxiliaryFile /Users/saito/Library/Developer/Xcode/DerivedData/Cl!ck-bfmwzmyniweqrgarnbzkjuaialon/Build/Intermediates.noindex/ArchiveIntermediates/Cl!ck/IntermediateBuildFilesPath/Cl!ck.build/Release-iphoneos/Cl!ck.build/Cl!ck-all-target-headers.hmap (in target 'Cl!ck' from project 'Cl!ck')
    cd /Users/saito/Develop/Click
    write-file /Users/saito/Library/Developer/Xcode/DerivedData/Cl\!ck-bfmwzmyniweqrgarnbzkjuaialon/Build/Intermediates.noindex/ArchiveIntermediates/Cl\!ck/IntermediateBuildFilesPath/Cl\!ck.build/Release-iphoneos/Cl\!ck.build/Cl\!ck-all-target-headers.hmap

WriteAuxiliaryFile /Users/saito/Library/Developer/Xcode/DerivedData/Cl!ck-bfmwzmyniweqrgarnbzkjuaialon/Build/Intermediates.noindex/ArchiveIntermediates/Cl!ck/IntermediateBuildFilesPath/Cl!ck.build/Release-iphoneos/Cl!ck.build/Cl!ck-all-non-framework-target-headers.hmap (in target 'Cl!ck' from project 'Cl!ck')
    cd /Users/saito/Develop/Click
    write-file /Users/saito/Library/Developer/Xcode/DerivedData/Cl\!ck-bfmwzmyniweqrgarnbzkjuaialon/Build/Intermediates.noindex/ArchiveIntermediates/Cl\!ck/IntermediateBuildFilesPath/Cl\!ck.build/Release-iphoneos/Cl\!ck.build/Cl\!ck-all-non-framework-target-headers.hmap

WriteAuxiliaryFile /Users/saito/Library/Developer/Xcode/DerivedData/Cl!ck-bfmwzmyniweqrgarnbzkjuaialon/Build/Intermediates.noindex/ArchiveIntermediates/Cl!ck/IntermediateBuildFilesPath/Cl!ck.build/Release-iphoneos/Cl!ck.build/DerivedSources/Cl!ck_vers.c (in target 'Cl!ck' from project 'Cl!ck')
    cd /Users/saito/Develop/Click
    write-file /Users/saito/Library/Developer/Xcode/DerivedData/Cl\!ck-bfmwzmyniweqrgarnbzkjuaialon/Build/Intermediates.noindex/ArchiveIntermediates/Cl\!ck/IntermediateBuildFilesPath/Cl\!ck.build/Release-iphoneos/Cl\!ck.build/DerivedSources/Cl\!ck_vers.c

DataModelCompile /Users/saito/Library/Developer/Xcode/DerivedData/Cl!ck-bfmwzmyniweqrgarnbzkjuaialon/Build/Intermediates.noindex/ArchiveIntermediates/Cl!ck/InstallationBuildProductsLocation/Applications/Cl!ck.app/ /Users/saito/Develop/Click/Click/Click.xcdatamodeld (in target 'Cl!ck' from project 'Cl!ck')
    cd /Users/saito/Develop/Click
    /Applications/Xcode.app/Contents/Developer/usr/bin/momc --sdkroot /Applications/Xcode.app/Contents/Developer/Platforms/iPhoneOS.platform/Developer/SDKs/iPhoneOS13.4.sdk --iphoneos-deployment-target 13.0 --module Cl_ck /Users/saito/Develop/Click/Click/Click.xcdatamodeld /Users/saito/Library/Developer/Xcode/DerivedData/Cl\!ck-bfmwzmyniweqrgarnbzkjuaialon/Build/Intermediates.noindex/ArchiveIntermediates/Cl\!ck/InstallationBuildProductsLocation/Applications/Cl\!ck.app/

WriteAuxiliaryFile /Users/saito/Library/Developer/Xcode/DerivedData/Cl!ck-bfmwzmyniweqrgarnbzkjuaialon/Build/Intermediates.noindex/ArchiveIntermediates/Cl!ck/IntermediateBuildFilesPath/Cl!ck.build/Release-iphoneos/Cl!ck.build/Objects-normal/arm64/Cl!ck.SwiftFileList (in target 'Cl!ck' from project 'Cl!ck')
    cd /Users/saito/Develop/Click
    write-file /Users/saito/Library/Developer/Xcode/DerivedData/Cl\!ck-bfmwzmyniweqrgarnbzkjuaialon/Build/Intermediates.noindex/ArchiveIntermediates/Cl\!ck/IntermediateBuildFilesPath/Cl\!ck.build/Release-iphoneos/Cl\!ck.build/Objects-normal/arm64/Cl\!ck.SwiftFileList

WriteAuxiliaryFile /Users/saito/Library/Developer/Xcode/DerivedData/Cl!ck-bfmwzmyniweqrgarnbzkjuaialon/Build/Intermediates.noindex/ArchiveIntermediates/Cl!ck/IntermediateBuildFilesPath/Cl!ck.build/Release-iphoneos/Cl!ck.build/Objects-normal/arm64/Cl!ck.LinkFileList (in target 'Cl!ck' from project 'Cl!ck')
    cd /Users/saito/Develop/Click
    write-file /Users/saito/Library/Developer/Xcode/DerivedData/Cl\!ck-bfmwzmyniweqrgarnbzkjuaialon/Build/Intermediates.noindex/ArchiveIntermediates/Cl\!ck/IntermediateBuildFilesPath/Cl\!ck.build/Release-iphoneos/Cl\!ck.build/Objects-normal/arm64/Cl\!ck.LinkFileList

WriteAuxiliaryFile /Users/saito/Library/Developer/Xcode/DerivedData/Cl!ck-bfmwzmyniweqrgarnbzkjuaialon/Build/Intermediates.noindex/ArchiveIntermediates/Cl!ck/IntermediateBuildFilesPath/Cl!ck.build/Release-iphoneos/Cl!ck.build/Objects-normal/arm64/Cl!ck-OutputFileMap.json (in target 'Cl!ck' from project 'Cl!ck')
    cd /Users/saito/Develop/Click
    write-file /Users/saito/Library/Developer/Xcode/DerivedData/Cl\!ck-bfmwzmyniweqrgarnbzkjuaialon/Build/Intermediates.noindex/ArchiveIntermediates/Cl\!ck/IntermediateBuildFilesPath/Cl\!ck.build/Release-iphoneos/Cl\!ck.build/Objects-normal/arm64/Cl\!ck-OutputFileMap.json

CompileSwiftSources normal arm64 com.apple.xcode.tools.swift.compiler (in target 'Cl!ck' from project 'Cl!ck')
    cd /Users/saito/Develop/Click
    export DEVELOPER_DIR=/Applications/Xcode.app/Contents/Developer
    export SDKROOT=/Applications/Xcode.app/Contents/Developer/Platforms/iPhoneOS.platform/Developer/SDKs/iPhoneOS13.4.sdk
    /Applications/Xcode.app/Contents/Developer/Toolchains/XcodeDefault.xctoolchain/usr/bin/swiftc -incremental -module-name Cl_ck -O -whole-module-optimization -enforce-exclusivity=checked @/Users/saito/Library/Developer/Xcode/DerivedData/Cl\!ck-bfmwzmyniweqrgarnbzkjuaialon/Build/Intermediates.noindex/ArchiveIntermediates/Cl\!ck/IntermediateBuildFilesPath/Cl\!ck.build/Release-iphoneos/Cl\!ck.build/Objects-normal/arm64/Cl\!ck.SwiftFileList -sdk /Applications/Xcode.app/Contents/Developer/Platforms/iPhoneOS.platform/Developer/SDKs/iPhoneOS13.4.sdk -target arm64-apple-ios13.0 -g -module-cache-path /Users/saito/Library/Developer/Xcode/DerivedData/ModuleCache.noindex -Xfrontend -serialize-debugging-options -embed-bitcode -swift-version 5 -I /Users/saito/Library/Developer/Xcode/DerivedData/Cl\!ck-bfmwzmyniweqrgarnbzkjuaialon/Build/Intermediates.noindex/ArchiveIntermediates/Cl\!ck/BuildProductsPath/Release-iphoneos -F /Users/saito/Library/Developer/Xcode/DerivedData/Cl\!ck-bfmwzmyniweqrgarnbzkjuaialon/Build/Intermediates.noindex/ArchiveIntermediates/Cl\!ck/BuildProductsPath/Release-iphoneos -c -num-threads 16 -output-file-map /Users/saito/Library/Developer/Xcode/DerivedData/Cl\!ck-bfmwzmyniweqrgarnbzkjuaialon/Build/Intermediates.noindex/ArchiveIntermediates/Cl\!ck/IntermediateBuildFilesPath/Cl\!ck.build/Release-iphoneos/Cl\!ck.build/Objects-normal/arm64/Cl\!ck-OutputFileMap.json -parseable-output -serialize-diagnostics -emit-dependencies -emit-module -emit-module-path /Users/saito/Library/Developer/Xcode/DerivedData/Cl\!ck-bfmwzmyniweqrgarnbzkjuaialon/Build/Intermediates.noindex/ArchiveIntermediates/Cl\!ck/IntermediateBuildFilesPath/Cl\!ck.build/Release-iphoneos/Cl\!ck.build/Objects-normal/arm64/Cl_ck.swiftmodule -Xcc -I/Users/saito/Library/Developer/Xcode/DerivedData/Cl\!ck-bfmwzmyniweqrgarnbzkjuaialon/Build/Intermediates.noindex/ArchiveIntermediates/Cl\!ck/IntermediateBuildFilesPath/Cl\!ck.build/Release-iphoneos/Cl\!ck.build/swift-overrides.hmap -Xcc -iquote -Xcc /Users/saito/Library/Developer/Xcode/DerivedData/Cl\!ck-bfmwzmyniweqrgarnbzkjuaialon/Build/Intermediates.noindex/ArchiveIntermediates/Cl\!ck/IntermediateBuildFilesPath/Cl\!ck.build/Release-iphoneos/Cl\!ck.build/Cl\!ck-generated-files.hmap -Xcc -I/Users/saito/Library/Developer/Xcode/DerivedData/Cl\!ck-bfmwzmyniweqrgarnbzkjuaialon/Build/Intermediates.noindex/ArchiveIntermediates/Cl\!ck/IntermediateBuildFilesPath/Cl\!ck.build/Release-iphoneos/Cl\!ck.build/Cl\!ck-own-target-headers.hmap -Xcc -I/Users/saito/Library/Developer/Xcode/DerivedData/Cl\!ck-bfmwzmyniweqrgarnbzkjuaialon/Build/Intermediates.noindex/ArchiveIntermediates/Cl\!ck/IntermediateBuildFilesPath/Cl\!ck.build/Release-iphoneos/Cl\!ck.build/Cl\!ck-all-target-headers.hmap -Xcc -iquote -Xcc /Users/saito/Library/Developer/Xcode/DerivedData/Cl\!ck-bfmwzmyniweqrgarnbzkjuaialon/Build/Intermediates.noindex/ArchiveIntermediates/Cl\!ck/IntermediateBuildFilesPath/Cl\!ck.build/Release-iphoneos/Cl\!ck.build/Cl\!ck-project-headers.hmap -Xcc -I/Users/saito/Library/Developer/Xcode/DerivedData/Cl\!ck-bfmwzmyniweqrgarnbzkjuaialon/Build/Intermediates.noindex/ArchiveIntermediates/Cl\!ck/BuildProductsPath/Release-iphoneos/include -Xcc -I/Users/saito/Library/Developer/Xcode/DerivedData/Cl\!ck-bfmwzmyniweqrgarnbzkjuaialon/Build/Intermediates.noindex/ArchiveIntermediates/Cl\!ck/IntermediateBuildFilesPath/Cl\!ck.build/Release-iphoneos/Cl\!ck.build/DerivedSources-normal/arm64 -Xcc -I/Users/saito/Library/Developer/Xcode/DerivedData/Cl\!ck-bfmwzmyniweqrgarnbzkjuaialon/Build/Intermediates.noindex/ArchiveIntermediates/Cl\!ck/IntermediateBuildFilesPath/Cl\!ck.build/Release-iphoneos/Cl\!ck.build/DerivedSources/arm64 -Xcc -I/Users/saito/Library/Developer/Xcode/DerivedData/Cl\!ck-bfmwzmyniweqrgarnbzkjuaialon/Build/Intermediates.noindex/ArchiveIntermediates/Cl\!ck/IntermediateBuildFilesPath/Cl\!ck.build/Release-iphoneos/Cl\!ck.build/DerivedSources -emit-objc-header -emit-objc-header-path /Users/saito/Library/Developer/Xcode/DerivedData/Cl\!ck-bfmwzmyniweqrgarnbzkjuaialon/Build/Intermediates.noindex/ArchiveIntermediates/Cl\!ck/IntermediateBuildFilesPath/Cl\!ck.build/Release-iphoneos/Cl\!ck.build/Objects-normal/arm64/Cl_ck-Swift.h -working-directory /Users/saito/Develop/Click
CompileSwift normal arm64 (in target 'Cl!ck' from project 'Cl!ck')
    cd /Users/saito/Develop/Click
    /Applications/Xcode.app/Contents/Developer/Toolchains/XcodeDefault.xctoolchain/usr/bin/swift -frontend -emit-bc /Users/saito/Develop/Click/Click/Service/APIServiceError.swift /Users/saito/Develop/Click/Click/Model/DetectionLanguage.swift /Users/saito/Develop/Click/Click/ViewComponents/CardView.swift /Users/saito/Develop/Click/NSPersistentCloudKitContainer+Extensionswift.swift /Users/saito/Develop/Click/Click/View/Settings.swift /Users/saito/Develop/Click/Click/Model/Keys.swift /Users/saito/Develop/Click/Click/AppDelegate.swift /Users/saito/Develop/Click/Click/View/ListsView.swift /Users/saito/Develop/Click/Click/ViewComponents/HistoryView.swift /Users/saito/Develop/Click/Click/Service/DetectionLanguageRequest.swift /Users/saito/Develop/Click/Click/Service/TranslationRequest.swift /Users/saito/Develop/Click/Click/Model/TranslationLanguage.swift /Users/saito/Develop/Click/Click/ViewComponents/ButtonView.swift /Users/saito/Develop/Click/Click/View/TranslateView.swift /Users/saito/Develop/Click/Click/Model/TranslatedLanguage.swift /Users/saito/Develop/Click/Click/ViewModel/TranslateViewModel.swift /Users/saito/Develop/Click/Click/Model/Response.swift /Users/saito/Develop/Click/Click/Model/Translate.swift /Users/saito/Develop/Click/Click/ViewModel/CommonViewModel.swift /Users/saito/Develop/Click/Click/Model/CoreDataModel.swift /Users/saito/Develop/Click/Cards+CoreDataProperties.swift /Users/saito/Develop/Click/Click/View/ContentView.swift /Users/saito/Develop/Click/Click/SceneDelegate.swift /Users/saito/Develop/Click/Click/ViewComponents/MultilineTextField.swift /Users/saito/Develop/Click/Click/ViewComponents/ListView.swift /Users/saito/Develop/Click/Cards+CoreDataClass.swift /Users/saito/Develop/Click/Click/Service/FetchSupportedLanguageRequest.swift /Users/saito/Develop/Click/Click/Service/APIService.swift /Users/saito/Develop/Click/Click/ViewModel/ListsViewModel.swift -supplementary-output-file-map /var/folders/6m/9b8wq6md1gg17mjdr0j7hqk00000gn/T/supplementaryOutputs-c761c1 -target arm64-apple-ios13.0 -Xllvm -aarch64-use-tbi -enable-objc-interop -stack-check -sdk /Applications/Xcode.app/Contents/Developer/Platforms/iPhoneOS.platform/Developer/SDKs/iPhoneOS13.4.sdk -I /Users/saito/Library/Developer/Xcode/DerivedData/Cl\!ck-bfmwzmyniweqrgarnbzkjuaialon/Build/Intermediates.noindex/ArchiveIntermediates/Cl\!ck/BuildProductsPath/Release-iphoneos -F /Users/saito/Library/Developer/Xcode/DerivedData/Cl\!ck-bfmwzmyniweqrgarnbzkjuaialon/Build/Intermediates.noindex/ArchiveIntermediates/Cl\!ck/BuildProductsPath/Release-iphoneos -g -module-cache-path /Users/saito/Library/Developer/Xcode/DerivedData/ModuleCache.noindex -swift-version 5 -enforce-exclusivity=checked -O -serialize-debugging-options -Xcc -working-directory -Xcc /Users/saito/Develop/Click -Xcc -I/Users/saito/Library/Developer/Xcode/DerivedData/Cl\!ck-bfmwzmyniweqrgarnbzkjuaialon/Build/Intermediates.noindex/ArchiveIntermediates/Cl\!ck/IntermediateBuildFilesPath/Cl\!ck.build/Release-iphoneos/Cl\!ck.build/swift-overrides.hmap -Xcc -iquote -Xcc /Users/saito/Library/Developer/Xcode/DerivedData/Cl\!ck-bfmwzmyniweqrgarnbzkjuaialon/Build/Intermediates.noindex/ArchiveIntermediates/Cl\!ck/IntermediateBuildFilesPath/Cl\!ck.build/Release-iphoneos/Cl\!ck.build/Cl\!ck-generated-files.hmap -Xcc -I/Users/saito/Library/Developer/Xcode/DerivedData/Cl\!ck-bfmwzmyniweqrgarnbzkjuaialon/Build/Intermediates.noindex/ArchiveIntermediates/Cl\!ck/IntermediateBuildFilesPath/Cl\!ck.build/Release-iphoneos/Cl\!ck.build/Cl\!ck-own-target-headers.hmap -Xcc -I/Users/saito/Library/Developer/Xcode/DerivedData/Cl\!ck-bfmwzmyniweqrgarnbzkjuaialon/Build/Intermediates.noindex/ArchiveIntermediates/Cl\!ck/IntermediateBuildFilesPath/Cl\!ck.build/Release-iphoneos/Cl\!ck.build/Cl\!ck-all-target-headers.hmap -Xcc -iquote -Xcc /Users/saito/Library/Developer/Xcode/DerivedData/Cl\!ck-bfmwzmyniweqrgarnbzkjuaialon/Build/Intermediates.noindex/ArchiveIntermediates/Cl\!ck/IntermediateBuildFilesPath/Cl\!ck.build/Release-iphoneos/Cl\!ck.build/Cl\!ck-project-headers.hmap -Xcc -I/Users/saito/Library/Developer/Xcode/DerivedData/Cl\!ck-bfmwzmyniweqrgarnbzkjuaialon/Build/Intermediates.noindex/ArchiveIntermediates/Cl\!ck/BuildProductsPath/Release-iphoneos/include -Xcc -I/Users/saito/Library/Developer/Xcode/DerivedData/Cl\!ck-bfmwzmyniweqrgarnbzkjuaialon/Build/Intermediates.noindex/ArchiveIntermediates/Cl\!ck/IntermediateBuildFilesPath/Cl\!ck.build/Release-iphoneos/Cl\!ck.build/DerivedSources-normal/arm64 -Xcc -I/Users/saito/Library/Developer/Xcode/DerivedData/Cl\!ck-bfmwzmyniweqrgarnbzkjuaialon/Build/Intermediates.noindex/ArchiveIntermediates/Cl\!ck/IntermediateBuildFilesPath/Cl\!ck.build/Release-iphoneos/Cl\!ck.build/DerivedSources/arm64 -Xcc -I/Users/saito/Library/Developer/Xcode/DerivedData/Cl\!ck-bfmwzmyniweqrgarnbzkjuaialon/Build/Intermediates.noindex/ArchiveIntermediates/Cl\!ck/IntermediateBuildFilesPath/Cl\!ck.build/Release-iphoneos/Cl\!ck.build/DerivedSources -module-name Cl_ck -num-threads 16 -o /Users/saito/Library/Developer/Xcode/DerivedData/Cl\!ck-bfmwzmyniweqrgarnbzkjuaialon/Build/Intermediates.noindex/ArchiveIntermediates/Cl\!ck/IntermediateBuildFilesPath/Cl\!ck.build/Release-iphoneos/Cl\!ck.build/Objects-normal/arm64/APIServiceError.bc -o /Users/saito/Library/Developer/Xcode/DerivedData/Cl\!ck-bfmwzmyniweqrgarnbzkjuaialon/Build/Intermediates.noindex/ArchiveIntermediates/Cl\!ck/IntermediateBuildFilesPath/Cl\!ck.build/Release-iphoneos/Cl\!ck.build/Objects-normal/arm64/DetectionLanguage.bc -o /Users/saito/Library/Developer/Xcode/DerivedData/Cl\!ck-bfmwzmyniweqrgarnbzkjuaialon/Build/Intermediates.noindex/ArchiveIntermediates/Cl\!ck/IntermediateBuildFilesPath/Cl\!ck.build/Release-iphoneos/Cl\!ck.build/Objects-normal/arm64/CardView.bc -o /Users/saito/Library/Developer/Xcode/DerivedData/Cl\!ck-bfmwzmyniweqrgarnbzkjuaialon/Build/Intermediates.noindex/ArchiveIntermediates/Cl\!ck/IntermediateBuildFilesPath/Cl\!ck.build/Release-iphoneos/Cl\!ck.build/Objects-normal/arm64/NSPersistentCloudKitContainer+Extensionswift.bc -o /Users/saito/Library/Developer/Xcode/DerivedData/Cl\!ck-bfmwzmyniweqrgarnbzkjuaialon/Build/Intermediates.noindex/ArchiveIntermediates/Cl\!ck/IntermediateBuildFilesPath/Cl\!ck.build/Release-iphoneos/Cl\!ck.build/Objects-normal/arm64/Settings.bc -o /Users/saito/Library/Developer/Xcode/DerivedData/Cl\!ck-bfmwzmyniweqrgarnbzkjuaialon/Build/Intermediates.noindex/ArchiveIntermediates/Cl\!ck/IntermediateBuildFilesPath/Cl\!ck.build/Release-iphoneos/Cl\!ck.build/Objects-normal/arm64/Keys.bc -o /Users/saito/Library/Developer/Xcode/DerivedData/Cl\!ck-bfmwzmyniweqrgarnbzkjuaialon/Build/Intermediates.noindex/ArchiveIntermediates/Cl\!ck/IntermediateBuildFilesPath/Cl\!ck.build/Release-iphoneos/Cl\!ck.build/Objects-normal/arm64/AppDelegate.bc -o /Users/saito/Library/Developer/Xcode/DerivedData/Cl\!ck-bfmwzmyniweqrgarnbzkjuaialon/Build/Intermediates.noindex/ArchiveIntermediates/Cl\!ck/IntermediateBuildFilesPath/Cl\!ck.build/Release-iphoneos/Cl\!ck.build/Objects-normal/arm64/ListsView.bc -o /Users/saito/Library/Developer/Xcode/DerivedData/Cl\!ck-bfmwzmyniweqrgarnbzkjuaialon/Build/Intermediates.noindex/ArchiveIntermediates/Cl\!ck/IntermediateBuildFilesPath/Cl\!ck.build/Release-iphoneos/Cl\!ck.build/Objects-normal/arm64/HistoryView.bc -o /Users/saito/Library/Developer/Xcode/DerivedData/Cl\!ck-bfmwzmyniweqrgarnbzkjuaialon/Build/Intermediates.noindex/ArchiveIntermediates/Cl\!ck/IntermediateBuildFilesPath/Cl\!ck.build/Release-iphoneos/Cl\!ck.build/Objects-normal/arm64/DetectionLanguageRequest.bc -o /Users/saito/Library/Developer/Xcode/DerivedData/Cl\!ck-bfmwzmyniweqrgarnbzkjuaialon/Build/Intermediates.noindex/ArchiveIntermediates/Cl\!ck/IntermediateBuildFilesPath/Cl\!ck.build/Release-iphoneos/Cl\!ck.build/Objects-normal/arm64/TranslationRequest.bc -o /Users/saito/Library/Developer/Xcode/DerivedData/Cl\!ck-bfmwzmyniweqrgarnbzkjuaialon/Build/Intermediates.noindex/ArchiveIntermediates/Cl\!ck/IntermediateBuildFilesPath/Cl\!ck.build/Release-iphoneos/Cl\!ck.build/Objects-normal/arm64/TranslationLanguage.bc -o /Users/saito/Library/Developer/Xcode/DerivedData/Cl\!ck-bfmwzmyniweqrgarnbzkjuaialon/Build/Intermediates.noindex/ArchiveIntermediates/Cl\!ck/IntermediateBuildFilesPath/Cl\!ck.build/Release-iphoneos/Cl\!ck.build/Objects-normal/arm64/ButtonView.bc -o /Users/saito/Library/Developer/Xcode/DerivedData/Cl\!ck-bfmwzmyniweqrgarnbzkjuaialon/Build/Intermediates.noindex/ArchiveIntermediates/Cl\!ck/IntermediateBuildFilesPath/Cl\!ck.build/Release-iphoneos/Cl\!ck.build/Objects-normal/arm64/TranslateView.bc -o /Users/saito/Library/Developer/Xcode/DerivedData/Cl\!ck-bfmwzmyniweqrgarnbzkjuaialon/Build/Intermediates.noindex/ArchiveIntermediates/Cl\!ck/IntermediateBuildFilesPath/Cl\!ck.build/Release-iphoneos/Cl\!ck.build/Objects-normal/arm64/TranslatedLanguage.bc -o /Users/saito/Library/Developer/Xcode/DerivedData/Cl\!ck-bfmwzmyniweqrgarnbzkjuaialon/Build/Intermediates.noindex/ArchiveIntermediates/Cl\!ck/IntermediateBuildFilesPath/Cl\!ck.build/Release-iphoneos/Cl\!ck.build/Objects-normal/arm64/TranslateViewModel.bc -o /Users/saito/Library/Developer/Xcode/DerivedData/Cl\!ck-bfmwzmyniweqrgarnbzkjuaialon/Build/Intermediates.noindex/ArchiveIntermediates/Cl\!ck/IntermediateBuildFilesPath/Cl\!ck.build/Release-iphoneos/Cl\!ck.build/Objects-normal/arm64/Response.bc -o /Users/saito/Library/Developer/Xcode/DerivedData/Cl\!ck-bfmwzmyniweqrgarnbzkjuaialon/Build/Intermediates.noindex/ArchiveIntermediates/Cl\!ck/IntermediateBuildFilesPath/Cl\!ck.build/Release-iphoneos/Cl\!ck.build/Objects-normal/arm64/Translate.bc -o /Users/saito/Library/Developer/Xcode/DerivedData/Cl\!ck-bfmwzmyniweqrgarnbzkjuaialon/Build/Intermediates.noindex/ArchiveIntermediates/Cl\!ck/IntermediateBuildFilesPath/Cl\!ck.build/Release-iphoneos/Cl\!ck.build/Objects-normal/arm64/CommonViewModel.bc -o /Users/saito/Library/Developer/Xcode/DerivedData/Cl\!ck-bfmwzmyniweqrgarnbzkjuaialon/Build/Intermediates.noindex/ArchiveIntermediates/Cl\!ck/IntermediateBuildFilesPath/Cl\!ck.build/Release-iphoneos/Cl\!ck.build/Objects-normal/arm64/CoreDataModel.bc -o /Users/saito/Library/Developer/Xcode/DerivedData/Cl\!ck-bfmwzmyniweqrgarnbzkjuaialon/Build/Intermediates.noindex/ArchiveIntermediates/Cl\!ck/IntermediateBuildFilesPath/Cl\!ck.build/Release-iphoneos/Cl\!ck.build/Objects-normal/arm64/Cards+CoreDataProperties.bc -o /Users/saito/Library/Developer/Xcode/DerivedData/Cl\!ck-bfmwzmyniweqrgarnbzkjuaialon/Build/Intermediates.noindex/ArchiveIntermediates/Cl\!ck/IntermediateBuildFilesPath/Cl\!ck.build/Release-iphoneos/Cl\!ck.build/Objects-normal/arm64/ContentView.bc -o /Users/saito/Library/Developer/Xcode/DerivedData/Cl\!ck-bfmwzmyniweqrgarnbzkjuaialon/Build/Intermediates.noindex/ArchiveIntermediates/Cl\!ck/IntermediateBuildFilesPath/Cl\!ck.build/Release-iphoneos/Cl\!ck.build/Objects-normal/arm64/SceneDelegate.bc -o /Users/saito/Library/Developer/Xcode/DerivedData/Cl\!ck-bfmwzmyniweqrgarnbzkjuaialon/Build/Intermediates.noindex/ArchiveIntermediates/Cl\!ck/IntermediateBuildFilesPath/Cl\!ck.build/Release-iphoneos/Cl\!ck.build/Objects-normal/arm64/MultilineTextField.bc -o /Users/saito/Library/Developer/Xcode/DerivedData/Cl\!ck-bfmwzmyniweqrgarnbzkjuaialon/Build/Intermediates.noindex/ArchiveIntermediates/Cl\!ck/IntermediateBuildFilesPath/Cl\!ck.build/Release-iphoneos/Cl\!ck.build/Objects-normal/arm64/ListView.bc -o /Users/saito/Library/Developer/Xcode/DerivedData/Cl\!ck-bfmwzmyniweqrgarnbzkjuaialon/Build/Intermediates.noindex/ArchiveIntermediates/Cl\!ck/IntermediateBuildFilesPath/Cl\!ck.build/Release-iphoneos/Cl\!ck.build/Objects-normal/arm64/Cards+CoreDataClass.bc -o /Users/saito/Library/Developer/Xcode/DerivedData/Cl\!ck-bfmwzmyniweqrgarnbzkjuaialon/Build/Intermediates.noindex/ArchiveIntermediates/Cl\!ck/IntermediateBuildFilesPath/Cl\!ck.build/Release-iphoneos/Cl\!ck.build/Objects-normal/arm64/FetchSupportedLanguageRequest.bc -o /Users/saito/Library/Developer/Xcode/DerivedData/Cl\!ck-bfmwzmyniweqrgarnbzkjuaialon/Build/Intermediates.noindex/ArchiveIntermediates/Cl\!ck/IntermediateBuildFilesPath/Cl\!ck.build/Release-iphoneos/Cl\!ck.build/Objects-normal/arm64/APIService.bc -o /Users/saito/Library/Developer/Xcode/DerivedData/Cl\!ck-bfmwzmyniweqrgarnbzkjuaialon/Build/Intermediates.noindex/ArchiveIntermediates/Cl\!ck/IntermediateBuildFilesPath/Cl\!ck.build/Release-iphoneos/Cl\!ck.build/Objects-normal/arm64/ListsViewModel.bc

SwiftCodeGeneration normal arm64 (in target 'Cl!ck' from project 'Cl!ck')
    cd /Users/saito/Develop/Click
    /Applications/Xcode.app/Contents/Developer/Toolchains/XcodeDefault.xctoolchain/usr/bin/swift -frontend -c -primary-file /Users/saito/Library/Developer/Xcode/DerivedData/Cl\!ck-bfmwzmyniweqrgarnbzkjuaialon/Build/Intermediates.noindex/ArchiveIntermediates/Cl\!ck/IntermediateBuildFilesPath/Cl\!ck.build/Release-iphoneos/Cl\!ck.build/Objects-normal/arm64/APIServiceError.bc -embed-bitcode -target arm64-apple-ios13.0 -Xllvm -aarch64-use-tbi -O -disable-llvm-optzns -module-name Cl_ck -o /Users/saito/Library/Developer/Xcode/DerivedData/Cl\!ck-bfmwzmyniweqrgarnbzkjuaialon/Build/Intermediates.noindex/ArchiveIntermediates/Cl\!ck/IntermediateBuildFilesPath/Cl\!ck.build/Release-iphoneos/Cl\!ck.build/Objects-normal/arm64/APIServiceError.o

SwiftCodeGeneration normal arm64 (in target 'Cl!ck' from project 'Cl!ck')
    cd /Users/saito/Develop/Click
    /Applications/Xcode.app/Contents/Developer/Toolchains/XcodeDefault.xctoolchain/usr/bin/swift -frontend -c -primary-file /Users/saito/Library/Developer/Xcode/DerivedData/Cl\!ck-bfmwzmyniweqrgarnbzkjuaialon/Build/Intermediates.noindex/ArchiveIntermediates/Cl\!ck/IntermediateBuildFilesPath/Cl\!ck.build/Release-iphoneos/Cl\!ck.build/Objects-normal/arm64/DetectionLanguage.bc -embed-bitcode -target arm64-apple-ios13.0 -Xllvm -aarch64-use-tbi -O -disable-llvm-optzns -module-name Cl_ck -o /Users/saito/Library/Developer/Xcode/DerivedData/Cl\!ck-bfmwzmyniweqrgarnbzkjuaialon/Build/Intermediates.noindex/ArchiveIntermediates/Cl\!ck/IntermediateBuildFilesPath/Cl\!ck.build/Release-iphoneos/Cl\!ck.build/Objects-normal/arm64/DetectionLanguage.o

SwiftCodeGeneration normal arm64 (in target 'Cl!ck' from project 'Cl!ck')
    cd /Users/saito/Develop/Click
    /Applications/Xcode.app/Contents/Developer/Toolchains/XcodeDefault.xctoolchain/usr/bin/swift -frontend -c -primary-file /Users/saito/Library/Developer/Xcode/DerivedData/Cl\!ck-bfmwzmyniweqrgarnbzkjuaialon/Build/Intermediates.noindex/ArchiveIntermediates/Cl\!ck/IntermediateBuildFilesPath/Cl\!ck.build/Release-iphoneos/Cl\!ck.build/Objects-normal/arm64/CardView.bc -embed-bitcode -target arm64-apple-ios13.0 -Xllvm -aarch64-use-tbi -O -disable-llvm-optzns -module-name Cl_ck -o /Users/saito/Library/Developer/Xcode/DerivedData/Cl\!ck-bfmwzmyniweqrgarnbzkjuaialon/Build/Intermediates.noindex/ArchiveIntermediates/Cl\!ck/IntermediateBuildFilesPath/Cl\!ck.build/Release-iphoneos/Cl\!ck.build/Objects-normal/arm64/CardView.o

SwiftCodeGeneration normal arm64 (in target 'Cl!ck' from project 'Cl!ck')
    cd /Users/saito/Develop/Click
    /Applications/Xcode.app/Contents/Developer/Toolchains/XcodeDefault.xctoolchain/usr/bin/swift -frontend -c -primary-file /Users/saito/Library/Developer/Xcode/DerivedData/Cl\!ck-bfmwzmyniweqrgarnbzkjuaialon/Build/Intermediates.noindex/ArchiveIntermediates/Cl\!ck/IntermediateBuildFilesPath/Cl\!ck.build/Release-iphoneos/Cl\!ck.build/Objects-normal/arm64/NSPersistentCloudKitContainer+Extensionswift.bc -embed-bitcode -target arm64-apple-ios13.0 -Xllvm -aarch64-use-tbi -O -disable-llvm-optzns -module-name Cl_ck -o /Users/saito/Library/Developer/Xcode/DerivedData/Cl\!ck-bfmwzmyniweqrgarnbzkjuaialon/Build/Intermediates.noindex/ArchiveIntermediates/Cl\!ck/IntermediateBuildFilesPath/Cl\!ck.build/Release-iphoneos/Cl\!ck.build/Objects-normal/arm64/NSPersistentCloudKitContainer+Extensionswift.o

SwiftCodeGeneration normal arm64 (in target 'Cl!ck' from project 'Cl!ck')
    cd /Users/saito/Develop/Click
    /Applications/Xcode.app/Contents/Developer/Toolchains/XcodeDefault.xctoolchain/usr/bin/swift -frontend -c -primary-file /Users/saito/Library/Developer/Xcode/DerivedData/Cl\!ck-bfmwzmyniweqrgarnbzkjuaialon/Build/Intermediates.noindex/ArchiveIntermediates/Cl\!ck/IntermediateBuildFilesPath/Cl\!ck.build/Release-iphoneos/Cl\!ck.build/Objects-normal/arm64/Settings.bc -embed-bitcode -target arm64-apple-ios13.0 -Xllvm -aarch64-use-tbi -O -disable-llvm-optzns -module-name Cl_ck -o /Users/saito/Library/Developer/Xcode/DerivedData/Cl\!ck-bfmwzmyniweqrgarnbzkjuaialon/Build/Intermediates.noindex/ArchiveIntermediates/Cl\!ck/IntermediateBuildFilesPath/Cl\!ck.build/Release-iphoneos/Cl\!ck.build/Objects-normal/arm64/Settings.o

SwiftCodeGeneration normal arm64 (in target 'Cl!ck' from project 'Cl!ck')
    cd /Users/saito/Develop/Click
    /Applications/Xcode.app/Contents/Developer/Toolchains/XcodeDefault.xctoolchain/usr/bin/swift -frontend -c -primary-file /Users/saito/Library/Developer/Xcode/DerivedData/Cl\!ck-bfmwzmyniweqrgarnbzkjuaialon/Build/Intermediates.noindex/ArchiveIntermediates/Cl\!ck/IntermediateBuildFilesPath/Cl\!ck.build/Release-iphoneos/Cl\!ck.build/Objects-normal/arm64/Keys.bc -embed-bitcode -target arm64-apple-ios13.0 -Xllvm -aarch64-use-tbi -O -disable-llvm-optzns -module-name Cl_ck -o /Users/saito/Library/Developer/Xcode/DerivedData/Cl\!ck-bfmwzmyniweqrgarnbzkjuaialon/Build/Intermediates.noindex/ArchiveIntermediates/Cl\!ck/IntermediateBuildFilesPath/Cl\!ck.build/Release-iphoneos/Cl\!ck.build/Objects-normal/arm64/Keys.o

SwiftCodeGeneration normal arm64 (in target 'Cl!ck' from project 'Cl!ck')
    cd /Users/saito/Develop/Click
    /Applications/Xcode.app/Contents/Developer/Toolchains/XcodeDefault.xctoolchain/usr/bin/swift -frontend -c -primary-file /Users/saito/Library/Developer/Xcode/DerivedData/Cl\!ck-bfmwzmyniweqrgarnbzkjuaialon/Build/Intermediates.noindex/ArchiveIntermediates/Cl\!ck/IntermediateBuildFilesPath/Cl\!ck.build/Release-iphoneos/Cl\!ck.build/Objects-normal/arm64/AppDelegate.bc -embed-bitcode -target arm64-apple-ios13.0 -Xllvm -aarch64-use-tbi -O -disable-llvm-optzns -module-name Cl_ck -o /Users/saito/Library/Developer/Xcode/DerivedData/Cl\!ck-bfmwzmyniweqrgarnbzkjuaialon/Build/Intermediates.noindex/ArchiveIntermediates/Cl\!ck/IntermediateBuildFilesPath/Cl\!ck.build/Release-iphoneos/Cl\!ck.build/Objects-normal/arm64/AppDelegate.o

SwiftCodeGeneration normal arm64 (in target 'Cl!ck' from project 'Cl!ck')
    cd /Users/saito/Develop/Click
    /Applications/Xcode.app/Contents/Developer/Toolchains/XcodeDefault.xctoolchain/usr/bin/swift -frontend -c -primary-file /Users/saito/Library/Developer/Xcode/DerivedData/Cl\!ck-bfmwzmyniweqrgarnbzkjuaialon/Build/Intermediates.noindex/ArchiveIntermediates/Cl\!ck/IntermediateBuildFilesPath/Cl\!ck.build/Release-iphoneos/Cl\!ck.build/Objects-normal/arm64/ListsView.bc -embed-bitcode -target arm64-apple-ios13.0 -Xllvm -aarch64-use-tbi -O -disable-llvm-optzns -module-name Cl_ck -o /Users/saito/Library/Developer/Xcode/DerivedData/Cl\!ck-bfmwzmyniweqrgarnbzkjuaialon/Build/Intermediates.noindex/ArchiveIntermediates/Cl\!ck/IntermediateBuildFilesPath/Cl\!ck.build/Release-iphoneos/Cl\!ck.build/Objects-normal/arm64/ListsView.o

SwiftCodeGeneration normal arm64 (in target 'Cl!ck' from project 'Cl!ck')
    cd /Users/saito/Develop/Click
    /Applications/Xcode.app/Contents/Developer/Toolchains/XcodeDefault.xctoolchain/usr/bin/swift -frontend -c -primary-file /Users/saito/Library/Developer/Xcode/DerivedData/Cl\!ck-bfmwzmyniweqrgarnbzkjuaialon/Build/Intermediates.noindex/ArchiveIntermediates/Cl\!ck/IntermediateBuildFilesPath/Cl\!ck.build/Release-iphoneos/Cl\!ck.build/Objects-normal/arm64/HistoryView.bc -embed-bitcode -target arm64-apple-ios13.0 -Xllvm -aarch64-use-tbi -O -disable-llvm-optzns -module-name Cl_ck -o /Users/saito/Library/Developer/Xcode/DerivedData/Cl\!ck-bfmwzmyniweqrgarnbzkjuaialon/Build/Intermediates.noindex/ArchiveIntermediates/Cl\!ck/IntermediateBuildFilesPath/Cl\!ck.build/Release-iphoneos/Cl\!ck.build/Objects-normal/arm64/HistoryView.o

SwiftCodeGeneration normal arm64 (in target 'Cl!ck' from project 'Cl!ck')
    cd /Users/saito/Develop/Click
    /Applications/Xcode.app/Contents/Developer/Toolchains/XcodeDefault.xctoolchain/usr/bin/swift -frontend -c -primary-file /Users/saito/Library/Developer/Xcode/DerivedData/Cl\!ck-bfmwzmyniweqrgarnbzkjuaialon/Build/Intermediates.noindex/ArchiveIntermediates/Cl\!ck/IntermediateBuildFilesPath/Cl\!ck.build/Release-iphoneos/Cl\!ck.build/Objects-normal/arm64/DetectionLanguageRequest.bc -embed-bitcode -target arm64-apple-ios13.0 -Xllvm -aarch64-use-tbi -O -disable-llvm-optzns -module-name Cl_ck -o /Users/saito/Library/Developer/Xcode/DerivedData/Cl\!ck-bfmwzmyniweqrgarnbzkjuaialon/Build/Intermediates.noindex/ArchiveIntermediates/Cl\!ck/IntermediateBuildFilesPath/Cl\!ck.build/Release-iphoneos/Cl\!ck.build/Objects-normal/arm64/DetectionLanguageRequest.o

SwiftCodeGeneration normal arm64 (in target 'Cl!ck' from project 'Cl!ck')
    cd /Users/saito/Develop/Click
    /Applications/Xcode.app/Contents/Developer/Toolchains/XcodeDefault.xctoolchain/usr/bin/swift -frontend -c -primary-file /Users/saito/Library/Developer/Xcode/DerivedData/Cl\!ck-bfmwzmyniweqrgarnbzkjuaialon/Build/Intermediates.noindex/ArchiveIntermediates/Cl\!ck/IntermediateBuildFilesPath/Cl\!ck.build/Release-iphoneos/Cl\!ck.build/Objects-normal/arm64/TranslationRequest.bc -embed-bitcode -target arm64-apple-ios13.0 -Xllvm -aarch64-use-tbi -O -disable-llvm-optzns -module-name Cl_ck -o /Users/saito/Library/Developer/Xcode/DerivedData/Cl\!ck-bfmwzmyniweqrgarnbzkjuaialon/Build/Intermediates.noindex/ArchiveIntermediates/Cl\!ck/IntermediateBuildFilesPath/Cl\!ck.build/Release-iphoneos/Cl\!ck.build/Objects-normal/arm64/TranslationRequest.o

SwiftCodeGeneration normal arm64 (in target 'Cl!ck' from project 'Cl!ck')
    cd /Users/saito/Develop/Click
    /Applications/Xcode.app/Contents/Developer/Toolchains/XcodeDefault.xctoolchain/usr/bin/swift -frontend -c -primary-file /Users/saito/Library/Developer/Xcode/DerivedData/Cl\!ck-bfmwzmyniweqrgarnbzkjuaialon/Build/Intermediates.noindex/ArchiveIntermediates/Cl\!ck/IntermediateBuildFilesPath/Cl\!ck.build/Release-iphoneos/Cl\!ck.build/Objects-normal/arm64/TranslationLanguage.bc -embed-bitcode -target arm64-apple-ios13.0 -Xllvm -aarch64-use-tbi -O -disable-llvm-optzns -module-name Cl_ck -o /Users/saito/Library/Developer/Xcode/DerivedData/Cl\!ck-bfmwzmyniweqrgarnbzkjuaialon/Build/Intermediates.noindex/ArchiveIntermediates/Cl\!ck/IntermediateBuildFilesPath/Cl\!ck.build/Release-iphoneos/Cl\!ck.build/Objects-normal/arm64/TranslationLanguage.o

SwiftCodeGeneration normal arm64 (in target 'Cl!ck' from project 'Cl!ck')
    cd /Users/saito/Develop/Click
    /Applications/Xcode.app/Contents/Developer/Toolchains/XcodeDefault.xctoolchain/usr/bin/swift -frontend -c -primary-file /Users/saito/Library/Developer/Xcode/DerivedData/Cl\!ck-bfmwzmyniweqrgarnbzkjuaialon/Build/Intermediates.noindex/ArchiveIntermediates/Cl\!ck/IntermediateBuildFilesPath/Cl\!ck.build/Release-iphoneos/Cl\!ck.build/Objects-normal/arm64/ButtonView.bc -embed-bitcode -target arm64-apple-ios13.0 -Xllvm -aarch64-use-tbi -O -disable-llvm-optzns -module-name Cl_ck -o /Users/saito/Library/Developer/Xcode/DerivedData/Cl\!ck-bfmwzmyniweqrgarnbzkjuaialon/Build/Intermediates.noindex/ArchiveIntermediates/Cl\!ck/IntermediateBuildFilesPath/Cl\!ck.build/Release-iphoneos/Cl\!ck.build/Objects-normal/arm64/ButtonView.o

SwiftCodeGeneration normal arm64 (in target 'Cl!ck' from project 'Cl!ck')
    cd /Users/saito/Develop/Click
    /Applications/Xcode.app/Contents/Developer/Toolchains/XcodeDefault.xctoolchain/usr/bin/swift -frontend -c -primary-file /Users/saito/Library/Developer/Xcode/DerivedData/Cl\!ck-bfmwzmyniweqrgarnbzkjuaialon/Build/Intermediates.noindex/ArchiveIntermediates/Cl\!ck/IntermediateBuildFilesPath/Cl\!ck.build/Release-iphoneos/Cl\!ck.build/Objects-normal/arm64/TranslateView.bc -embed-bitcode -target arm64-apple-ios13.0 -Xllvm -aarch64-use-tbi -O -disable-llvm-optzns -module-name Cl_ck -o /Users/saito/Library/Developer/Xcode/DerivedData/Cl\!ck-bfmwzmyniweqrgarnbzkjuaialon/Build/Intermediates.noindex/ArchiveIntermediates/Cl\!ck/IntermediateBuildFilesPath/Cl\!ck.build/Release-iphoneos/Cl\!ck.build/Objects-normal/arm64/TranslateView.o

SwiftCodeGeneration normal arm64 (in target 'Cl!ck' from project 'Cl!ck')
    cd /Users/saito/Develop/Click
    /Applications/Xcode.app/Contents/Developer/Toolchains/XcodeDefault.xctoolchain/usr/bin/swift -frontend -c -primary-file /Users/saito/Library/Developer/Xcode/DerivedData/Cl\!ck-bfmwzmyniweqrgarnbzkjuaialon/Build/Intermediates.noindex/ArchiveIntermediates/Cl\!ck/IntermediateBuildFilesPath/Cl\!ck.build/Release-iphoneos/Cl\!ck.build/Objects-normal/arm64/TranslatedLanguage.bc -embed-bitcode -target arm64-apple-ios13.0 -Xllvm -aarch64-use-tbi -O -disable-llvm-optzns -module-name Cl_ck -o /Users/saito/Library/Developer/Xcode/DerivedData/Cl\!ck-bfmwzmyniweqrgarnbzkjuaialon/Build/Intermediates.noindex/ArchiveIntermediates/Cl\!ck/IntermediateBuildFilesPath/Cl\!ck.build/Release-iphoneos/Cl\!ck.build/Objects-normal/arm64/TranslatedLanguage.o

SwiftCodeGeneration normal arm64 (in target 'Cl!ck' from project 'Cl!ck')
    cd /Users/saito/Develop/Click
    /Applications/Xcode.app/Contents/Developer/Toolchains/XcodeDefault.xctoolchain/usr/bin/swift -frontend -c -primary-file /Users/saito/Library/Developer/Xcode/DerivedData/Cl\!ck-bfmwzmyniweqrgarnbzkjuaialon/Build/Intermediates.noindex/ArchiveIntermediates/Cl\!ck/IntermediateBuildFilesPath/Cl\!ck.build/Release-iphoneos/Cl\!ck.build/Objects-normal/arm64/TranslateViewModel.bc -embed-bitcode -target arm64-apple-ios13.0 -Xllvm -aarch64-use-tbi -O -disable-llvm-optzns -module-name Cl_ck -o /Users/saito/Library/Developer/Xcode/DerivedData/Cl\!ck-bfmwzmyniweqrgarnbzkjuaialon/Build/Intermediates.noindex/ArchiveIntermediates/Cl\!ck/IntermediateBuildFilesPath/Cl\!ck.build/Release-iphoneos/Cl\!ck.build/Objects-normal/arm64/TranslateViewModel.o

SwiftCodeGeneration normal arm64 (in target 'Cl!ck' from project 'Cl!ck')
    cd /Users/saito/Develop/Click
    /Applications/Xcode.app/Contents/Developer/Toolchains/XcodeDefault.xctoolchain/usr/bin/swift -frontend -c -primary-file /Users/saito/Library/Developer/Xcode/DerivedData/Cl\!ck-bfmwzmyniweqrgarnbzkjuaialon/Build/Intermediates.noindex/ArchiveIntermediates/Cl\!ck/IntermediateBuildFilesPath/Cl\!ck.build/Release-iphoneos/Cl\!ck.build/Objects-normal/arm64/Response.bc -embed-bitcode -target arm64-apple-ios13.0 -Xllvm -aarch64-use-tbi -O -disable-llvm-optzns -module-name Cl_ck -o /Users/saito/Library/Developer/Xcode/DerivedData/Cl\!ck-bfmwzmyniweqrgarnbzkjuaialon/Build/Intermediates.noindex/ArchiveIntermediates/Cl\!ck/IntermediateBuildFilesPath/Cl\!ck.build/Release-iphoneos/Cl\!ck.build/Objects-normal/arm64/Response.o

SwiftCodeGeneration normal arm64 (in target 'Cl!ck' from project 'Cl!ck')
    cd /Users/saito/Develop/Click
    /Applications/Xcode.app/Contents/Developer/Toolchains/XcodeDefault.xctoolchain/usr/bin/swift -frontend -c -primary-file /Users/saito/Library/Developer/Xcode/DerivedData/Cl\!ck-bfmwzmyniweqrgarnbzkjuaialon/Build/Intermediates.noindex/ArchiveIntermediates/Cl\!ck/IntermediateBuildFilesPath/Cl\!ck.build/Release-iphoneos/Cl\!ck.build/Objects-normal/arm64/Translate.bc -embed-bitcode -target arm64-apple-ios13.0 -Xllvm -aarch64-use-tbi -O -disable-llvm-optzns -module-name Cl_ck -o /Users/saito/Library/Developer/Xcode/DerivedData/Cl\!ck-bfmwzmyniweqrgarnbzkjuaialon/Build/Intermediates.noindex/ArchiveIntermediates/Cl\!ck/IntermediateBuildFilesPath/Cl\!ck.build/Release-iphoneos/Cl\!ck.build/Objects-normal/arm64/Translate.o

SwiftCodeGeneration normal arm64 (in target 'Cl!ck' from project 'Cl!ck')
    cd /Users/saito/Develop/Click
    /Applications/Xcode.app/Contents/Developer/Toolchains/XcodeDefault.xctoolchain/usr/bin/swift -frontend -c -primary-file /Users/saito/Library/Developer/Xcode/DerivedData/Cl\!ck-bfmwzmyniweqrgarnbzkjuaialon/Build/Intermediates.noindex/ArchiveIntermediates/Cl\!ck/IntermediateBuildFilesPath/Cl\!ck.build/Release-iphoneos/Cl\!ck.build/Objects-normal/arm64/CommonViewModel.bc -embed-bitcode -target arm64-apple-ios13.0 -Xllvm -aarch64-use-tbi -O -disable-llvm-optzns -module-name Cl_ck -o /Users/saito/Library/Developer/Xcode/DerivedData/Cl\!ck-bfmwzmyniweqrgarnbzkjuaialon/Build/Intermediates.noindex/ArchiveIntermediates/Cl\!ck/IntermediateBuildFilesPath/Cl\!ck.build/Release-iphoneos/Cl\!ck.build/Objects-normal/arm64/CommonViewModel.o

SwiftCodeGeneration normal arm64 (in target 'Cl!ck' from project 'Cl!ck')
    cd /Users/saito/Develop/Click
    /Applications/Xcode.app/Contents/Developer/Toolchains/XcodeDefault.xctoolchain/usr/bin/swift -frontend -c -primary-file /Users/saito/Library/Developer/Xcode/DerivedData/Cl\!ck-bfmwzmyniweqrgarnbzkjuaialon/Build/Intermediates.noindex/ArchiveIntermediates/Cl\!ck/IntermediateBuildFilesPath/Cl\!ck.build/Release-iphoneos/Cl\!ck.build/Objects-normal/arm64/CoreDataModel.bc -embed-bitcode -target arm64-apple-ios13.0 -Xllvm -aarch64-use-tbi -O -disable-llvm-optzns -module-name Cl_ck -o /Users/saito/Library/Developer/Xcode/DerivedData/Cl\!ck-bfmwzmyniweqrgarnbzkjuaialon/Build/Intermediates.noindex/ArchiveIntermediates/Cl\!ck/IntermediateBuildFilesPath/Cl\!ck.build/Release-iphoneos/Cl\!ck.build/Objects-normal/arm64/CoreDataModel.o

SwiftCodeGeneration normal arm64 (in target 'Cl!ck' from project 'Cl!ck')
    cd /Users/saito/Develop/Click
    /Applications/Xcode.app/Contents/Developer/Toolchains/XcodeDefault.xctoolchain/usr/bin/swift -frontend -c -primary-file /Users/saito/Library/Developer/Xcode/DerivedData/Cl\!ck-bfmwzmyniweqrgarnbzkjuaialon/Build/Intermediates.noindex/ArchiveIntermediates/Cl\!ck/IntermediateBuildFilesPath/Cl\!ck.build/Release-iphoneos/Cl\!ck.build/Objects-normal/arm64/Cards+CoreDataProperties.bc -embed-bitcode -target arm64-apple-ios13.0 -Xllvm -aarch64-use-tbi -O -disable-llvm-optzns -module-name Cl_ck -o /Users/saito/Library/Developer/Xcode/DerivedData/Cl\!ck-bfmwzmyniweqrgarnbzkjuaialon/Build/Intermediates.noindex/ArchiveIntermediates/Cl\!ck/IntermediateBuildFilesPath/Cl\!ck.build/Release-iphoneos/Cl\!ck.build/Objects-normal/arm64/Cards+CoreDataProperties.o

SwiftCodeGeneration normal arm64 (in target 'Cl!ck' from project 'Cl!ck')
    cd /Users/saito/Develop/Click
    /Applications/Xcode.app/Contents/Developer/Toolchains/XcodeDefault.xctoolchain/usr/bin/swift -frontend -c -primary-file /Users/saito/Library/Developer/Xcode/DerivedData/Cl\!ck-bfmwzmyniweqrgarnbzkjuaialon/Build/Intermediates.noindex/ArchiveIntermediates/Cl\!ck/IntermediateBuildFilesPath/Cl\!ck.build/Release-iphoneos/Cl\!ck.build/Objects-normal/arm64/ContentView.bc -embed-bitcode -target arm64-apple-ios13.0 -Xllvm -aarch64-use-tbi -O -disable-llvm-optzns -module-name Cl_ck -o /Users/saito/Library/Developer/Xcode/DerivedData/Cl\!ck-bfmwzmyniweqrgarnbzkjuaialon/Build/Intermediates.noindex/ArchiveIntermediates/Cl\!ck/IntermediateBuildFilesPath/Cl\!ck.build/Release-iphoneos/Cl\!ck.build/Objects-normal/arm64/ContentView.o

SwiftCodeGeneration normal arm64 (in target 'Cl!ck' from project 'Cl!ck')
    cd /Users/saito/Develop/Click
    /Applications/Xcode.app/Contents/Developer/Toolchains/XcodeDefault.xctoolchain/usr/bin/swift -frontend -c -primary-file /Users/saito/Library/Developer/Xcode/DerivedData/Cl\!ck-bfmwzmyniweqrgarnbzkjuaialon/Build/Intermediates.noindex/ArchiveIntermediates/Cl\!ck/IntermediateBuildFilesPath/Cl\!ck.build/Release-iphoneos/Cl\!ck.build/Objects-normal/arm64/SceneDelegate.bc -embed-bitcode -target arm64-apple-ios13.0 -Xllvm -aarch64-use-tbi -O -disable-llvm-optzns -module-name Cl_ck -o /Users/saito/Library/Developer/Xcode/DerivedData/Cl\!ck-bfmwzmyniweqrgarnbzkjuaialon/Build/Intermediates.noindex/ArchiveIntermediates/Cl\!ck/IntermediateBuildFilesPath/Cl\!ck.build/Release-iphoneos/Cl\!ck.build/Objects-normal/arm64/SceneDelegate.o

SwiftCodeGeneration normal arm64 (in target 'Cl!ck' from project 'Cl!ck')
    cd /Users/saito/Develop/Click
    /Applications/Xcode.app/Contents/Developer/Toolchains/XcodeDefault.xctoolchain/usr/bin/swift -frontend -c -primary-file /Users/saito/Library/Developer/Xcode/DerivedData/Cl\!ck-bfmwzmyniweqrgarnbzkjuaialon/Build/Intermediates.noindex/ArchiveIntermediates/Cl\!ck/IntermediateBuildFilesPath/Cl\!ck.build/Release-iphoneos/Cl\!ck.build/Objects-normal/arm64/MultilineTextField.bc -embed-bitcode -target arm64-apple-ios13.0 -Xllvm -aarch64-use-tbi -O -disable-llvm-optzns -module-name Cl_ck -o /Users/saito/Library/Developer/Xcode/DerivedData/Cl\!ck-bfmwzmyniweqrgarnbzkjuaialon/Build/Intermediates.noindex/ArchiveIntermediates/Cl\!ck/IntermediateBuildFilesPath/Cl\!ck.build/Release-iphoneos/Cl\!ck.build/Objects-normal/arm64/MultilineTextField.o

SwiftCodeGeneration normal arm64 (in target 'Cl!ck' from project 'Cl!ck')
    cd /Users/saito/Develop/Click
    /Applications/Xcode.app/Contents/Developer/Toolchains/XcodeDefault.xctoolchain/usr/bin/swift -frontend -c -primary-file /Users/saito/Library/Developer/Xcode/DerivedData/Cl\!ck-bfmwzmyniweqrgarnbzkjuaialon/Build/Intermediates.noindex/ArchiveIntermediates/Cl\!ck/IntermediateBuildFilesPath/Cl\!ck.build/Release-iphoneos/Cl\!ck.build/Objects-normal/arm64/ListView.bc -embed-bitcode -target arm64-apple-ios13.0 -Xllvm -aarch64-use-tbi -O -disable-llvm-optzns -module-name Cl_ck -o /Users/saito/Library/Developer/Xcode/DerivedData/Cl\!ck-bfmwzmyniweqrgarnbzkjuaialon/Build/Intermediates.noindex/ArchiveIntermediates/Cl\!ck/IntermediateBuildFilesPath/Cl\!ck.build/Release-iphoneos/Cl\!ck.build/Objects-normal/arm64/ListView.o

SwiftCodeGeneration normal arm64 (in target 'Cl!ck' from project 'Cl!ck')
    cd /Users/saito/Develop/Click
    /Applications/Xcode.app/Contents/Developer/Toolchains/XcodeDefault.xctoolchain/usr/bin/swift -frontend -c -primary-file /Users/saito/Library/Developer/Xcode/DerivedData/Cl\!ck-bfmwzmyniweqrgarnbzkjuaialon/Build/Intermediates.noindex/ArchiveIntermediates/Cl\!ck/IntermediateBuildFilesPath/Cl\!ck.build/Release-iphoneos/Cl\!ck.build/Objects-normal/arm64/Cards+CoreDataClass.bc -embed-bitcode -target arm64-apple-ios13.0 -Xllvm -aarch64-use-tbi -O -disable-llvm-optzns -module-name Cl_ck -o /Users/saito/Library/Developer/Xcode/DerivedData/Cl\!ck-bfmwzmyniweqrgarnbzkjuaialon/Build/Intermediates.noindex/ArchiveIntermediates/Cl\!ck/IntermediateBuildFilesPath/Cl\!ck.build/Release-iphoneos/Cl\!ck.build/Objects-normal/arm64/Cards+CoreDataClass.o

SwiftCodeGeneration normal arm64 (in target 'Cl!ck' from project 'Cl!ck')
    cd /Users/saito/Develop/Click
    /Applications/Xcode.app/Contents/Developer/Toolchains/XcodeDefault.xctoolchain/usr/bin/swift -frontend -c -primary-file /Users/saito/Library/Developer/Xcode/DerivedData/Cl\!ck-bfmwzmyniweqrgarnbzkjuaialon/Build/Intermediates.noindex/ArchiveIntermediates/Cl\!ck/IntermediateBuildFilesPath/Cl\!ck.build/Release-iphoneos/Cl\!ck.build/Objects-normal/arm64/FetchSupportedLanguageRequest.bc -embed-bitcode -target arm64-apple-ios13.0 -Xllvm -aarch64-use-tbi -O -disable-llvm-optzns -module-name Cl_ck -o /Users/saito/Library/Developer/Xcode/DerivedData/Cl\!ck-bfmwzmyniweqrgarnbzkjuaialon/Build/Intermediates.noindex/ArchiveIntermediates/Cl\!ck/IntermediateBuildFilesPath/Cl\!ck.build/Release-iphoneos/Cl\!ck.build/Objects-normal/arm64/FetchSupportedLanguageRequest.o

SwiftCodeGeneration normal arm64 (in target 'Cl!ck' from project 'Cl!ck')
    cd /Users/saito/Develop/Click
    /Applications/Xcode.app/Contents/Developer/Toolchains/XcodeDefault.xctoolchain/usr/bin/swift -frontend -c -primary-file /Users/saito/Library/Developer/Xcode/DerivedData/Cl\!ck-bfmwzmyniweqrgarnbzkjuaialon/Build/Intermediates.noindex/ArchiveIntermediates/Cl\!ck/IntermediateBuildFilesPath/Cl\!ck.build/Release-iphoneos/Cl\!ck.build/Objects-normal/arm64/APIService.bc -embed-bitcode -target arm64-apple-ios13.0 -Xllvm -aarch64-use-tbi -O -disable-llvm-optzns -module-name Cl_ck -o /Users/saito/Library/Developer/Xcode/DerivedData/Cl\!ck-bfmwzmyniweqrgarnbzkjuaialon/Build/Intermediates.noindex/ArchiveIntermediates/Cl\!ck/IntermediateBuildFilesPath/Cl\!ck.build/Release-iphoneos/Cl\!ck.build/Objects-normal/arm64/APIService.o

SwiftCodeGeneration normal arm64 (in target 'Cl!ck' from project 'Cl!ck')
    cd /Users/saito/Develop/Click
    /Applications/Xcode.app/Contents/Developer/Toolchains/XcodeDefault.xctoolchain/usr/bin/swift -frontend -c -primary-file /Users/saito/Library/Developer/Xcode/DerivedData/Cl\!ck-bfmwzmyniweqrgarnbzkjuaialon/Build/Intermediates.noindex/ArchiveIntermediates/Cl\!ck/IntermediateBuildFilesPath/Cl\!ck.build/Release-iphoneos/Cl\!ck.build/Objects-normal/arm64/ListsViewModel.bc -embed-bitcode -target arm64-apple-ios13.0 -Xllvm -aarch64-use-tbi -O -disable-llvm-optzns -module-name Cl_ck -o /Users/saito/Library/Developer/Xcode/DerivedData/Cl\!ck-bfmwzmyniweqrgarnbzkjuaialon/Build/Intermediates.noindex/ArchiveIntermediates/Cl\!ck/IntermediateBuildFilesPath/Cl\!ck.build/Release-iphoneos/Cl\!ck.build/Objects-normal/arm64/ListsViewModel.o

Ditto /Users/saito/Library/Developer/Xcode/DerivedData/Cl!ck-bfmwzmyniweqrgarnbzkjuaialon/Build/Intermediates.noindex/ArchiveIntermediates/Cl!ck/IntermediateBuildFilesPath/Cl!ck.build/Release-iphoneos/Cl!ck.build/DerivedSources/Cl_ck-Swift.h /Users/saito/Library/Developer/Xcode/DerivedData/Cl!ck-bfmwzmyniweqrgarnbzkjuaialon/Build/Intermediates.noindex/ArchiveIntermediates/Cl!ck/IntermediateBuildFilesPath/Cl!ck.build/Release-iphoneos/Cl!ck.build/Objects-normal/arm64/Cl_ck-Swift.h (in target 'Cl!ck' from project 'Cl!ck')
    cd /Users/saito/Develop/Click
    /usr/bin/ditto -rsrc /Users/saito/Library/Developer/Xcode/DerivedData/Cl\!ck-bfmwzmyniweqrgarnbzkjuaialon/Build/Intermediates.noindex/ArchiveIntermediates/Cl\!ck/IntermediateBuildFilesPath/Cl\!ck.build/Release-iphoneos/Cl\!ck.build/Objects-normal/arm64/Cl_ck-Swift.h /Users/saito/Library/Developer/Xcode/DerivedData/Cl\!ck-bfmwzmyniweqrgarnbzkjuaialon/Build/Intermediates.noindex/ArchiveIntermediates/Cl\!ck/IntermediateBuildFilesPath/Cl\!ck.build/Release-iphoneos/Cl\!ck.build/DerivedSources/Cl_ck-Swift.h

Ditto /Users/saito/Library/Developer/Xcode/DerivedData/Cl!ck-bfmwzmyniweqrgarnbzkjuaialon/Build/Intermediates.noindex/ArchiveIntermediates/Cl!ck/BuildProductsPath/Release-iphoneos/Cl_ck.swiftmodule/arm64.swiftmodule /Users/saito/Library/Developer/Xcode/DerivedData/Cl!ck-bfmwzmyniweqrgarnbzkjuaialon/Build/Intermediates.noindex/ArchiveIntermediates/Cl!ck/IntermediateBuildFilesPath/Cl!ck.build/Release-iphoneos/Cl!ck.build/Objects-normal/arm64/Cl_ck.swiftmodule (in target 'Cl!ck' from project 'Cl!ck')
    cd /Users/saito/Develop/Click
    /usr/bin/ditto -rsrc /Users/saito/Library/Developer/Xcode/DerivedData/Cl\!ck-bfmwzmyniweqrgarnbzkjuaialon/Build/Intermediates.noindex/ArchiveIntermediates/Cl\!ck/IntermediateBuildFilesPath/Cl\!ck.build/Release-iphoneos/Cl\!ck.build/Objects-normal/arm64/Cl_ck.swiftmodule /Users/saito/Library/Developer/Xcode/DerivedData/Cl\!ck-bfmwzmyniweqrgarnbzkjuaialon/Build/Intermediates.noindex/ArchiveIntermediates/Cl\!ck/BuildProductsPath/Release-iphoneos/Cl_ck.swiftmodule/arm64.swiftmodule

Ditto /Users/saito/Library/Developer/Xcode/DerivedData/Cl!ck-bfmwzmyniweqrgarnbzkjuaialon/Build/Intermediates.noindex/ArchiveIntermediates/Cl!ck/BuildProductsPath/Release-iphoneos/Cl_ck.swiftmodule/arm64.swiftdoc /Users/saito/Library/Developer/Xcode/DerivedData/Cl!ck-bfmwzmyniweqrgarnbzkjuaialon/Build/Intermediates.noindex/ArchiveIntermediates/Cl!ck/IntermediateBuildFilesPath/Cl!ck.build/Release-iphoneos/Cl!ck.build/Objects-normal/arm64/Cl_ck.swiftdoc (in target 'Cl!ck' from project 'Cl!ck')
    cd /Users/saito/Develop/Click
    /usr/bin/ditto -rsrc /Users/saito/Library/Developer/Xcode/DerivedData/Cl\!ck-bfmwzmyniweqrgarnbzkjuaialon/Build/Intermediates.noindex/ArchiveIntermediates/Cl\!ck/IntermediateBuildFilesPath/Cl\!ck.build/Release-iphoneos/Cl\!ck.build/Objects-normal/arm64/Cl_ck.swiftdoc /Users/saito/Library/Developer/Xcode/DerivedData/Cl\!ck-bfmwzmyniweqrgarnbzkjuaialon/Build/Intermediates.noindex/ArchiveIntermediates/Cl\!ck/BuildProductsPath/Release-iphoneos/Cl_ck.swiftmodule/arm64.swiftdoc

Ditto /Users/saito/Library/Developer/Xcode/DerivedData/Cl!ck-bfmwzmyniweqrgarnbzkjuaialon/Build/Intermediates.noindex/ArchiveIntermediates/Cl!ck/BuildProductsPath/Release-iphoneos/Cl_ck.swiftmodule/arm64-apple-ios.swiftdoc /Users/saito/Library/Developer/Xcode/DerivedData/Cl!ck-bfmwzmyniweqrgarnbzkjuaialon/Build/Intermediates.noindex/ArchiveIntermediates/Cl!ck/IntermediateBuildFilesPath/Cl!ck.build/Release-iphoneos/Cl!ck.build/Objects-normal/arm64/Cl_ck.swiftdoc (in target 'Cl!ck' from project 'Cl!ck')
    cd /Users/saito/Develop/Click
    /usr/bin/ditto -rsrc /Users/saito/Library/Developer/Xcode/DerivedData/Cl\!ck-bfmwzmyniweqrgarnbzkjuaialon/Build/Intermediates.noindex/ArchiveIntermediates/Cl\!ck/IntermediateBuildFilesPath/Cl\!ck.build/Release-iphoneos/Cl\!ck.build/Objects-normal/arm64/Cl_ck.swiftdoc /Users/saito/Library/Developer/Xcode/DerivedData/Cl\!ck-bfmwzmyniweqrgarnbzkjuaialon/Build/Intermediates.noindex/ArchiveIntermediates/Cl\!ck/BuildProductsPath/Release-iphoneos/Cl_ck.swiftmodule/arm64-apple-ios.swiftdoc

Ditto /Users/saito/Library/Developer/Xcode/DerivedData/Cl!ck-bfmwzmyniweqrgarnbzkjuaialon/Build/Intermediates.noindex/ArchiveIntermediates/Cl!ck/BuildProductsPath/Release-iphoneos/Cl_ck.swiftmodule/arm64-apple-ios.swiftmodule /Users/saito/Library/Developer/Xcode/DerivedData/Cl!ck-bfmwzmyniweqrgarnbzkjuaialon/Build/Intermediates.noindex/ArchiveIntermediates/Cl!ck/IntermediateBuildFilesPath/Cl!ck.build/Release-iphoneos/Cl!ck.build/Objects-normal/arm64/Cl_ck.swiftmodule (in target 'Cl!ck' from project 'Cl!ck')
    cd /Users/saito/Develop/Click
    /usr/bin/ditto -rsrc /Users/saito/Library/Developer/Xcode/DerivedData/Cl\!ck-bfmwzmyniweqrgarnbzkjuaialon/Build/Intermediates.noindex/ArchiveIntermediates/Cl\!ck/IntermediateBuildFilesPath/Cl\!ck.build/Release-iphoneos/Cl\!ck.build/Objects-normal/arm64/Cl_ck.swiftmodule /Users/saito/Library/Developer/Xcode/DerivedData/Cl\!ck-bfmwzmyniweqrgarnbzkjuaialon/Build/Intermediates.noindex/ArchiveIntermediates/Cl\!ck/BuildProductsPath/Release-iphoneos/Cl_ck.swiftmodule/arm64-apple-ios.swiftmodule

CompileC /Users/saito/Library/Developer/Xcode/DerivedData/Cl!ck-bfmwzmyniweqrgarnbzkjuaialon/Build/Intermediates.noindex/ArchiveIntermediates/Cl!ck/IntermediateBuildFilesPath/Cl!ck.build/Release-iphoneos/Cl!ck.build/Objects-normal/arm64/Cl!ck_vers.o /Users/saito/Library/Developer/Xcode/DerivedData/Cl!ck-bfmwzmyniweqrgarnbzkjuaialon/Build/Intermediates.noindex/ArchiveIntermediates/Cl!ck/IntermediateBuildFilesPath/Cl!ck.build/Release-iphoneos/Cl!ck.build/DerivedSources/Cl!ck_vers.c normal arm64 c com.apple.compilers.llvm.clang.1_0.compiler (in target 'Cl!ck' from project 'Cl!ck')
    cd /Users/saito/Develop/Click
    export LANG=en_US.US-ASCII
    /Applications/Xcode.app/Contents/Developer/Toolchains/XcodeDefault.xctoolchain/usr/bin/clang -x c -target arm64-apple-ios13.0 -fmessage-length=0 -fdiagnostics-show-note-include-stack -fmacro-backtrace-limit=0 -std=gnu11 -fmodules -gmodules -fmodules-cache-path=/Users/saito/Library/Developer/Xcode/DerivedData/ModuleCache.noindex -fmodules-prune-interval=86400 -fmodules-prune-after=345600 -fbuild-session-file=/Users/saito/Library/Developer/Xcode/DerivedData/ModuleCache.noindex/Session.modulevalidation -fmodules-validate-once-per-build-session -Wnon-modular-include-in-framework-module -Werror=non-modular-include-in-framework-module -Wno-trigraphs -fpascal-strings -Os -fno-common -Wno-missing-field-initializers -Wno-missing-prototypes -Werror=return-type -Wdocumentation -Wunreachable-code -Werror=deprecated-objc-isa-usage -Werror=objc-root-class -Wno-missing-braces -Wparentheses -Wswitch -Wunused-function -Wno-unused-label -Wno-unused-parameter -Wunused-variable -Wunused-value -Wempty-body -Wuninitialized -Wconditional-uninitialized -Wno-unknown-pragmas -Wno-shadow -Wno-four-char-constants -Wno-conversion -Wconstant-conversion -Wint-conversion -Wbool-conversion -Wenum-conversion -Wno-float-conversion -Wnon-literal-null-conversion -Wobjc-literal-conversion -Wshorten-64-to-32 -Wpointer-sign -Wno-newline-eof -isysroot /Applications/Xcode.app/Contents/Developer/Platforms/iPhoneOS.platform/Developer/SDKs/iPhoneOS13.4.sdk -fstrict-aliasing -Wdeprecated-declarations -g -fvisibility=hidden -Wno-sign-conversion -Winfinite-recursion -Wcomma -Wblock-capture-autoreleasing -Wstrict-prototypes -Wno-semicolon-before-method-body -Wunguarded-availability -fembed-bitcode -iquote /Users/saito/Library/Developer/Xcode/DerivedData/Cl\!ck-bfmwzmyniweqrgarnbzkjuaialon/Build/Intermediates.noindex/ArchiveIntermediates/Cl\!ck/IntermediateBuildFilesPath/Cl\!ck.build/Release-iphoneos/Cl\!ck.build/Cl\!ck-generated-files.hmap -I/Users/saito/Library/Developer/Xcode/DerivedData/Cl\!ck-bfmwzmyniweqrgarnbzkjuaialon/Build/Intermediates.noindex/ArchiveIntermediates/Cl\!ck/IntermediateBuildFilesPath/Cl\!ck.build/Release-iphoneos/Cl\!ck.build/Cl\!ck-own-target-headers.hmap -I/Users/saito/Library/Developer/Xcode/DerivedData/Cl\!ck-bfmwzmyniweqrgarnbzkjuaialon/Build/Intermediates.noindex/ArchiveIntermediates/Cl\!ck/IntermediateBuildFilesPath/Cl\!ck.build/Release-iphoneos/Cl\!ck.build/Cl\!ck-all-target-headers.hmap -iquote /Users/saito/Library/Developer/Xcode/DerivedData/Cl\!ck-bfmwzmyniweqrgarnbzkjuaialon/Build/Intermediates.noindex/ArchiveIntermediates/Cl\!ck/IntermediateBuildFilesPath/Cl\!ck.build/Release-iphoneos/Cl\!ck.build/Cl\!ck-project-headers.hmap -I/Users/saito/Library/Developer/Xcode/DerivedData/Cl\!ck-bfmwzmyniweqrgarnbzkjuaialon/Build/Intermediates.noindex/ArchiveIntermediates/Cl\!ck/BuildProductsPath/Release-iphoneos/include -I/Users/saito/Library/Developer/Xcode/DerivedData/Cl\!ck-bfmwzmyniweqrgarnbzkjuaialon/Build/Intermediates.noindex/ArchiveIntermediates/Cl\!ck/IntermediateBuildFilesPath/Cl\!ck.build/Release-iphoneos/Cl\!ck.build/DerivedSources-normal/arm64 -I/Users/saito/Library/Developer/Xcode/DerivedData/Cl\!ck-bfmwzmyniweqrgarnbzkjuaialon/Build/Intermediates.noindex/ArchiveIntermediates/Cl\!ck/IntermediateBuildFilesPath/Cl\!ck.build/Release-iphoneos/Cl\!ck.build/DerivedSources/arm64 -I/Users/saito/Library/Developer/Xcode/DerivedData/Cl\!ck-bfmwzmyniweqrgarnbzkjuaialon/Build/Intermediates.noindex/ArchiveIntermediates/Cl\!ck/IntermediateBuildFilesPath/Cl\!ck.build/Release-iphoneos/Cl\!ck.build/DerivedSources -F/Users/saito/Library/Developer/Xcode/DerivedData/Cl\!ck-bfmwzmyniweqrgarnbzkjuaialon/Build/Intermediates.noindex/ArchiveIntermediates/Cl\!ck/BuildProductsPath/Release-iphoneos -MMD -MT dependencies -MF /Users/saito/Library/Developer/Xcode/DerivedData/Cl\!ck-bfmwzmyniweqrgarnbzkjuaialon/Build/Intermediates.noindex/ArchiveIntermediates/Cl\!ck/IntermediateBuildFilesPath/Cl\!ck.build/Release-iphoneos/Cl\!ck.build/Objects-normal/arm64/Cl\!ck_vers.d --serialize-diagnostics /Users/saito/Library/Developer/Xcode/DerivedData/Cl\!ck-bfmwzmyniweqrgarnbzkjuaialon/Build/Intermediates.noindex/ArchiveIntermediates/Cl\!ck/IntermediateBuildFilesPath/Cl\!ck.build/Release-iphoneos/Cl\!ck.build/Objects-normal/arm64/Cl\!ck_vers.dia -c /Users/saito/Library/Developer/Xcode/DerivedData/Cl\!ck-bfmwzmyniweqrgarnbzkjuaialon/Build/Intermediates.noindex/ArchiveIntermediates/Cl\!ck/IntermediateBuildFilesPath/Cl\!ck.build/Release-iphoneos/Cl\!ck.build/DerivedSources/Cl\!ck_vers.c -o /Users/saito/Library/Developer/Xcode/DerivedData/Cl\!ck-bfmwzmyniweqrgarnbzkjuaialon/Build/Intermediates.noindex/ArchiveIntermediates/Cl\!ck/IntermediateBuildFilesPath/Cl\!ck.build/Release-iphoneos/Cl\!ck.build/Objects-normal/arm64/Cl\!ck_vers.o

Ld /Users/saito/Library/Developer/Xcode/DerivedData/Cl!ck-bfmwzmyniweqrgarnbzkjuaialon/Build/Intermediates.noindex/ArchiveIntermediates/Cl!ck/InstallationBuildProductsLocation/Applications/Cl!ck.app/Cl!ck normal arm64 (in target 'Cl!ck' from project 'Cl!ck')
    cd /Users/saito/Develop/Click
    /Applications/Xcode.app/Contents/Developer/Toolchains/XcodeDefault.xctoolchain/usr/bin/clang -target arm64-apple-ios13.0 -isysroot /Applications/Xcode.app/Contents/Developer/Platforms/iPhoneOS.platform/Developer/SDKs/iPhoneOS13.4.sdk -L/Users/saito/Library/Developer/Xcode/DerivedData/Cl\!ck-bfmwzmyniweqrgarnbzkjuaialon/Build/Intermediates.noindex/ArchiveIntermediates/Cl\!ck/BuildProductsPath/Release-iphoneos -F/Users/saito/Library/Developer/Xcode/DerivedData/Cl\!ck-bfmwzmyniweqrgarnbzkjuaialon/Build/Intermediates.noindex/ArchiveIntermediates/Cl\!ck/BuildProductsPath/Release-iphoneos -filelist /Users/saito/Library/Developer/Xcode/DerivedData/Cl\!ck-bfmwzmyniweqrgarnbzkjuaialon/Build/Intermediates.noindex/ArchiveIntermediates/Cl\!ck/IntermediateBuildFilesPath/Cl\!ck.build/Release-iphoneos/Cl\!ck.build/Objects-normal/arm64/Cl\!ck.LinkFileList -Xlinker -rpath -Xlinker @executable_path/Frameworks -dead_strip -Xlinker -object_path_lto -Xlinker /Users/saito/Library/Developer/Xcode/DerivedData/Cl\!ck-bfmwzmyniweqrgarnbzkjuaialon/Build/Intermediates.noindex/ArchiveIntermediates/Cl\!ck/IntermediateBuildFilesPath/Cl\!ck.build/Release-iphoneos/Cl\!ck.build/Objects-normal/arm64/Cl\!ck_lto.o -fembed-bitcode -Xlinker -bitcode_verify -Xlinker -bitcode_hide_symbols -Xlinker -bitcode_symbol_map -Xlinker /Users/saito/Library/Developer/Xcode/DerivedData/Cl\!ck-bfmwzmyniweqrgarnbzkjuaialon/Build/Intermediates.noindex/ArchiveIntermediates/Cl\!ck/BuildProductsPath/Release-iphoneos -Xlinker -final_output -Xlinker /Applications/Cl\!ck.app/Cl\!ck -fobjc-link-runtime -L/Applications/Xcode.app/Contents/Developer/Toolchains/XcodeDefault.xctoolchain/usr/lib/swift/iphoneos -L/usr/lib/swift -Xlinker -add_ast_path -Xlinker /Users/saito/Library/Developer/Xcode/DerivedData/Cl\!ck-bfmwzmyniweqrgarnbzkjuaialon/Build/Intermediates.noindex/ArchiveIntermediates/Cl\!ck/IntermediateBuildFilesPath/Cl\!ck.build/Release-iphoneos/Cl\!ck.build/Objects-normal/arm64/Cl_ck.swiftmodule -framework CloudKit -Xlinker -dependency_info -Xlinker /Users/saito/Library/Developer/Xcode/DerivedData/Cl\!ck-bfmwzmyniweqrgarnbzkjuaialon/Build/Intermediates.noindex/ArchiveIntermediates/Cl\!ck/IntermediateBuildFilesPath/Cl\!ck.build/Release-iphoneos/Cl\!ck.build/Objects-normal/arm64/Cl\!ck_dependency_info.dat -o /Users/saito/Library/Developer/Xcode/DerivedData/Cl\!ck-bfmwzmyniweqrgarnbzkjuaialon/Build/Intermediates.noindex/ArchiveIntermediates/Cl\!ck/InstallationBuildProductsLocation/Applications/Cl\!ck.app/Cl\!ck

CopyPlistFile /Users/saito/Library/Developer/Xcode/DerivedData/Cl!ck-bfmwzmyniweqrgarnbzkjuaialon/Build/Intermediates.noindex/ArchiveIntermediates/Cl!ck/InstallationBuildProductsLocation/Applications/Cl!ck.app/keys.template.plist /Users/saito/Develop/Click/Click/Secret/keys.template.plist (in target 'Cl!ck' from project 'Cl!ck')
    cd /Users/saito/Develop/Click
    builtin-copyPlist --convert binary1 --outdir /Users/saito/Library/Developer/Xcode/DerivedData/Cl\!ck-bfmwzmyniweqrgarnbzkjuaialon/Build/Intermediates.noindex/ArchiveIntermediates/Cl\!ck/InstallationBuildProductsLocation/Applications/Cl\!ck.app -- /Users/saito/Develop/Click/Click/Secret/keys.template.plist

CopyPlistFile /Users/saito/Library/Developer/Xcode/DerivedData/Cl!ck-bfmwzmyniweqrgarnbzkjuaialon/Build/Intermediates.noindex/ArchiveIntermediates/Cl!ck/InstallationBuildProductsLocation/Applications/Cl!ck.app/keys.plist /Users/saito/Develop/Click/Click/Secret/keys.plist (in target 'Cl!ck' from project 'Cl!ck')
    cd /Users/saito/Develop/Click
    builtin-copyPlist --convert binary1 --outdir /Users/saito/Library/Developer/Xcode/DerivedData/Cl\!ck-bfmwzmyniweqrgarnbzkjuaialon/Build/Intermediates.noindex/ArchiveIntermediates/Cl\!ck/InstallationBuildProductsLocation/Applications/Cl\!ck.app -- /Users/saito/Develop/Click/Click/Secret/keys.plist

CompileAssetCatalog /Users/saito/Library/Developer/Xcode/DerivedData/Cl!ck-bfmwzmyniweqrgarnbzkjuaialon/Build/Intermediates.noindex/ArchiveIntermediates/Cl!ck/InstallationBuildProductsLocation/Applications/Cl!ck.app /Users/saito/Develop/Click/Click/Preview\ Content/Preview\ Assets.xcassets /Users/saito/Develop/Click/Click/Assets.xcassets (in target 'Cl!ck' from project 'Cl!ck')
    cd /Users/saito/Develop/Click
    /Applications/Xcode.app/Contents/Developer/usr/bin/actool --output-format human-readable-text --notices --warnings --export-dependency-info /Users/saito/Library/Developer/Xcode/DerivedData/Cl\!ck-bfmwzmyniweqrgarnbzkjuaialon/Build/Intermediates.noindex/ArchiveIntermediates/Cl\!ck/IntermediateBuildFilesPath/Cl\!ck.build/Release-iphoneos/Cl\!ck.build/assetcatalog_dependencies --output-partial-info-plist /Users/saito/Library/Developer/Xcode/DerivedData/Cl\!ck-bfmwzmyniweqrgarnbzkjuaialon/Build/Intermediates.noindex/ArchiveIntermediates/Cl\!ck/IntermediateBuildFilesPath/Cl\!ck.build/Release-iphoneos/Cl\!ck.build/assetcatalog_generated_info.plist --app-icon AppIcon --compress-pngs --enable-on-demand-resources YES --sticker-pack-identifier-prefix com.ys-0-sy.click.sticker-pack. --development-region en --target-device iphone --target-device ipad --minimum-deployment-target 13.0 --platform iphoneos --product-type com.apple.product-type.application --compile /Users/saito/Library/Developer/Xcode/DerivedData/Cl\!ck-bfmwzmyniweqrgarnbzkjuaialon/Build/Intermediates.noindex/ArchiveIntermediates/Cl\!ck/InstallationBuildProductsLocation/Applications/Cl\!ck.app /Users/saito/Develop/Click/Click/Preview\ Content/Preview\ Assets.xcassets /Users/saito/Develop/Click/Click/Assets.xcassets
2020-04-29 18:18:21.873 ibtoold[17639:2131345] DEBUG: Added to environment: {
    TMPDIR = "/var/folders/6m/9b8wq6md1gg17mjdr0j7hqk00000gn/T/97C467AB-EF7C-4F46-8DF6-6C67E4666AFE";
}
/* com.apple.actool.document.notices */
/Users/saito/Develop/Click/Click/Assets.xcassets:./AppIcon.appiconset/[][ipad][76x76][][][1x][][]: notice: 76x76@1x app icons only apply to iPad apps targeting releases of iOS prior to 10.0.
/* com.apple.actool.compilation-results */
/Users/saito/Library/Developer/Xcode/DerivedData/Cl!ck-bfmwzmyniweqrgarnbzkjuaialon/Build/Intermediates.noindex/ArchiveIntermediates/Cl!ck/InstallationBuildProductsLocation/Applications/Cl!ck.app/AppIcon60x60@2x.png
/Users/saito/Library/Developer/Xcode/DerivedData/Cl!ck-bfmwzmyniweqrgarnbzkjuaialon/Build/Intermediates.noindex/ArchiveIntermediates/Cl!ck/InstallationBuildProductsLocation/Applications/Cl!ck.app/AppIcon76x76@2x~ipad.png
/Users/saito/Library/Developer/Xcode/DerivedData/Cl!ck-bfmwzmyniweqrgarnbzkjuaialon/Build/Intermediates.noindex/ArchiveIntermediates/Cl!ck/InstallationBuildProductsLocation/Applications/Cl!ck.app/Assets.car
/Users/saito/Library/Developer/Xcode/DerivedData/Cl!ck-bfmwzmyniweqrgarnbzkjuaialon/Build/Intermediates.noindex/ArchiveIntermediates/Cl!ck/IntermediateBuildFilesPath/Cl!ck.build/Release-iphoneos/Cl!ck.build/assetcatalog_generated_info.plist


CompileStoryboard /Users/saito/Develop/Click/Click/Base.lproj/LaunchScreen.storyboard (in target 'Cl!ck' from project 'Cl!ck')
    cd /Users/saito/Develop/Click
    export XCODE_DEVELOPER_USR_PATH=/Applications/Xcode.app/Contents/Developer/usr/bin/..
    /Applications/Xcode.app/Contents/Developer/usr/bin/ibtool --errors --warnings --notices --companion-strings-file ja:/Users/saito/Develop/Click/Click/ja.lproj/LaunchScreen.strings --companion-strings-file en:/Users/saito/Develop/Click/Click/en.lproj/LaunchScreen.strings --module Cl_ck --output-partial-info-plist /Users/saito/Library/Developer/Xcode/DerivedData/Cl\!ck-bfmwzmyniweqrgarnbzkjuaialon/Build/Intermediates.noindex/ArchiveIntermediates/Cl\!ck/IntermediateBuildFilesPath/Cl\!ck.build/Release-iphoneos/Cl\!ck.build/Base.lproj/LaunchScreen-SBPartialInfo.plist --auto-activate-custom-fonts --target-device iphone --target-device ipad --minimum-deployment-target 13.0 --output-format human-readable-text --compilation-directory /Users/saito/Library/Developer/Xcode/DerivedData/Cl\!ck-bfmwzmyniweqrgarnbzkjuaialon/Build/Intermediates.noindex/ArchiveIntermediates/Cl\!ck/IntermediateBuildFilesPath/Cl\!ck.build/Release-iphoneos/Cl\!ck.build/Base.lproj /Users/saito/Develop/Click/Click/Base.lproj/LaunchScreen.storyboard

LinkStoryboards (in target 'Cl!ck' from project 'Cl!ck')
    cd /Users/saito/Develop/Click
    export XCODE_DEVELOPER_USR_PATH=/Applications/Xcode.app/Contents/Developer/usr/bin/..
    /Applications/Xcode.app/Contents/Developer/usr/bin/ibtool --errors --warnings --notices --module Cl_ck --target-device iphone --target-device ipad --minimum-deployment-target 13.0 --output-format human-readable-text --link /Users/saito/Library/Developer/Xcode/DerivedData/Cl\!ck-bfmwzmyniweqrgarnbzkjuaialon/Build/Intermediates.noindex/ArchiveIntermediates/Cl\!ck/InstallationBuildProductsLocation/Applications/Cl\!ck.app /Users/saito/Library/Developer/Xcode/DerivedData/Cl\!ck-bfmwzmyniweqrgarnbzkjuaialon/Build/Intermediates.noindex/ArchiveIntermediates/Cl\!ck/IntermediateBuildFilesPath/Cl\!ck.build/Release-iphoneos/Cl\!ck.build/Base.lproj/LaunchScreen.storyboardc

ProcessInfoPlistFile /Users/saito/Library/Developer/Xcode/DerivedData/Cl!ck-bfmwzmyniweqrgarnbzkjuaialon/Build/Intermediates.noindex/ArchiveIntermediates/Cl!ck/InstallationBuildProductsLocation/Applications/Cl!ck.app/Info.plist /Users/saito/Develop/Click/Click/Info.plist (in target 'Cl!ck' from project 'Cl!ck')
    cd /Users/saito/Develop/Click
    builtin-infoPlistUtility /Users/saito/Develop/Click/Click/Info.plist -producttype com.apple.product-type.application -genpkginfo /Users/saito/Library/Developer/Xcode/DerivedData/Cl\!ck-bfmwzmyniweqrgarnbzkjuaialon/Build/Intermediates.noindex/ArchiveIntermediates/Cl\!ck/InstallationBuildProductsLocation/Applications/Cl\!ck.app/PkgInfo -expandbuildsettings -format binary -platform iphoneos -additionalcontentfile /Users/saito/Library/Developer/Xcode/DerivedData/Cl\!ck-bfmwzmyniweqrgarnbzkjuaialon/Build/Intermediates.noindex/ArchiveIntermediates/Cl\!ck/IntermediateBuildFilesPath/Cl\!ck.build/Release-iphoneos/Cl\!ck.build/Base.lproj/LaunchScreen-SBPartialInfo.plist -additionalcontentfile /Users/saito/Library/Developer/Xcode/DerivedData/Cl\!ck-bfmwzmyniweqrgarnbzkjuaialon/Build/Intermediates.noindex/ArchiveIntermediates/Cl\!ck/IntermediateBuildFilesPath/Cl\!ck.build/Release-iphoneos/Cl\!ck.build/assetcatalog_generated_info.plist -requiredArchitecture arm64 -o /Users/saito/Library/Developer/Xcode/DerivedData/Cl\!ck-bfmwzmyniweqrgarnbzkjuaialon/Build/Intermediates.noindex/ArchiveIntermediates/Cl\!ck/InstallationBuildProductsLocation/Applications/Cl\!ck.app/Info.plist

CopySwiftLibs /Users/saito/Library/Developer/Xcode/DerivedData/Cl!ck-bfmwzmyniweqrgarnbzkjuaialon/Build/Intermediates.noindex/ArchiveIntermediates/Cl!ck/InstallationBuildProductsLocation/Applications/Cl!ck.app (in target 'Cl!ck' from project 'Cl!ck')
    cd /Users/saito/Develop/Click
    export CODESIGN_ALLOCATE=/Applications/Xcode.app/Contents/Developer/Toolchains/XcodeDefault.xctoolchain/usr/bin/codesign_allocate
    export DEVELOPER_DIR=/Applications/Xcode.app/Contents/Developer
    export SDKROOT=/Applications/Xcode.app/Contents/Developer/Platforms/iPhoneOS.platform/Developer/SDKs/iPhoneOS13.4.sdk
    builtin-swiftStdLibTool --copy --verbose --sign 80816B20610CA03C5E252E7CA816A851ADE8FDE6 --scan-executable /Users/saito/Library/Developer/Xcode/DerivedData/Cl\!ck-bfmwzmyniweqrgarnbzkjuaialon/Build/Intermediates.noindex/ArchiveIntermediates/Cl\!ck/InstallationBuildProductsLocation/Applications/Cl\!ck.app/Cl\!ck --scan-folder /Users/saito/Library/Developer/Xcode/DerivedData/Cl\!ck-bfmwzmyniweqrgarnbzkjuaialon/Build/Intermediates.noindex/ArchiveIntermediates/Cl\!ck/InstallationBuildProductsLocation/Applications/Cl\!ck.app/Frameworks --scan-folder /Users/saito/Library/Developer/Xcode/DerivedData/Cl\!ck-bfmwzmyniweqrgarnbzkjuaialon/Build/Intermediates.noindex/ArchiveIntermediates/Cl\!ck/InstallationBuildProductsLocation/Applications/Cl\!ck.app/PlugIns --scan-folder /Applications/Xcode.app/Contents/Developer/Platforms/iPhoneOS.platform/Developer/SDKs/iPhoneOS13.4.sdk/System/Library/Frameworks/CloudKit.framework --platform iphoneos --toolchain /Applications/Xcode.app/Contents/Developer/Toolchains/XcodeDefault.xctoolchain --destination /Users/saito/Library/Developer/Xcode/DerivedData/Cl\!ck-bfmwzmyniweqrgarnbzkjuaialon/Build/Intermediates.noindex/ArchiveIntermediates/Cl\!ck/InstallationBuildProductsLocation/Applications/Cl\!ck.app/Frameworks --unsigned-destination /Users/saito/Library/Developer/Xcode/DerivedData/Cl\!ck-bfmwzmyniweqrgarnbzkjuaialon/Build/Intermediates.noindex/ArchiveIntermediates/Cl\!ck/BuildProductsPath/SwiftSupport --emit-dependency-info /Users/saito/Library/Developer/Xcode/DerivedData/Cl\!ck-bfmwzmyniweqrgarnbzkjuaialon/Build/Intermediates.noindex/ArchiveIntermediates/Cl\!ck/IntermediateBuildFilesPath/Cl\!ck.build/Release-iphoneos/Cl\!ck.build/SwiftStdLibToolInputDependencies.dep --filter-for-swift-os

GenerateDSYMFile /Users/saito/Library/Developer/Xcode/DerivedData/Cl!ck-bfmwzmyniweqrgarnbzkjuaialon/Build/Intermediates.noindex/ArchiveIntermediates/Cl!ck/BuildProductsPath/Release-iphoneos/Cl!ck.app.dSYM /Users/saito/Library/Developer/Xcode/DerivedData/Cl!ck-bfmwzmyniweqrgarnbzkjuaialon/Build/Intermediates.noindex/ArchiveIntermediates/Cl!ck/InstallationBuildProductsLocation/Applications/Cl!ck.app/Cl!ck (in target 'Cl!ck' from project 'Cl!ck')
    cd /Users/saito/Develop/Click
    /Applications/Xcode.app/Contents/Developer/Toolchains/XcodeDefault.xctoolchain/usr/bin/dsymutil /Users/saito/Library/Developer/Xcode/DerivedData/Cl\!ck-bfmwzmyniweqrgarnbzkjuaialon/Build/Intermediates.noindex/ArchiveIntermediates/Cl\!ck/InstallationBuildProductsLocation/Applications/Cl\!ck.app/Cl\!ck -o /Users/saito/Library/Developer/Xcode/DerivedData/Cl\!ck-bfmwzmyniweqrgarnbzkjuaialon/Build/Intermediates.noindex/ArchiveIntermediates/Cl\!ck/BuildProductsPath/Release-iphoneos/Cl\!ck.app.dSYM

Strip /Users/saito/Library/Developer/Xcode/DerivedData/Cl!ck-bfmwzmyniweqrgarnbzkjuaialon/Build/Intermediates.noindex/ArchiveIntermediates/Cl!ck/InstallationBuildProductsLocation/Applications/Cl!ck.app/Cl!ck (in target 'Cl!ck' from project 'Cl!ck')
    cd /Users/saito/Develop/Click
    /Applications/Xcode.app/Contents/Developer/Toolchains/XcodeDefault.xctoolchain/usr/bin/strip /Users/saito/Library/Developer/Xcode/DerivedData/Cl\!ck-bfmwzmyniweqrgarnbzkjuaialon/Build/Intermediates.noindex/ArchiveIntermediates/Cl\!ck/InstallationBuildProductsLocation/Applications/Cl\!ck.app/Cl\!ck

SetOwnerAndGroup saito:staff /Users/saito/Library/Developer/Xcode/DerivedData/Cl!ck-bfmwzmyniweqrgarnbzkjuaialon/Build/Intermediates.noindex/ArchiveIntermediates/Cl!ck/InstallationBuildProductsLocation/Applications/Cl!ck.app (in target 'Cl!ck' from project 'Cl!ck')
    cd /Users/saito/Develop/Click
    /usr/sbin/chown -RH saito:staff /Users/saito/Library/Developer/Xcode/DerivedData/Cl\!ck-bfmwzmyniweqrgarnbzkjuaialon/Build/Intermediates.noindex/ArchiveIntermediates/Cl\!ck/InstallationBuildProductsLocation/Applications/Cl\!ck.app

SetMode u+w,go-w,a+rX /Users/saito/Library/Developer/Xcode/DerivedData/Cl!ck-bfmwzmyniweqrgarnbzkjuaialon/Build/Intermediates.noindex/ArchiveIntermediates/Cl!ck/InstallationBuildProductsLocation/Applications/Cl!ck.app (in target 'Cl!ck' from project 'Cl!ck')
    cd /Users/saito/Develop/Click
    /bin/chmod -RH u+w,go-w,a+rX /Users/saito/Library/Developer/Xcode/DerivedData/Cl\!ck-bfmwzmyniweqrgarnbzkjuaialon/Build/Intermediates.noindex/ArchiveIntermediates/Cl\!ck/InstallationBuildProductsLocation/Applications/Cl\!ck.app

CodeSign /Users/saito/Library/Developer/Xcode/DerivedData/Cl!ck-bfmwzmyniweqrgarnbzkjuaialon/Build/Intermediates.noindex/ArchiveIntermediates/Cl!ck/InstallationBuildProductsLocation/Applications/Cl!ck.app (in target 'Cl!ck' from project 'Cl!ck')
    cd /Users/saito/Develop/Click
    export CODESIGN_ALLOCATE=/Applications/Xcode.app/Contents/Developer/Toolchains/XcodeDefault.xctoolchain/usr/bin/codesign_allocate
    
Signing Identity:     "Apple Development: Yuta Saito (HE59SJBFPK)"
Provisioning Profile: "iOS Team Provisioning Profile: com.ys-0-sy.click"
                      (cc265704-65bc-42c4-8f27-e94dea6e07f4)

    /usr/bin/codesign --force --sign 80816B20610CA03C5E252E7CA816A851ADE8FDE6 --entitlements /Users/saito/Library/Developer/Xcode/DerivedData/Cl\!ck-bfmwzmyniweqrgarnbzkjuaialon/Build/Intermediates.noindex/ArchiveIntermediates/Cl\!ck/IntermediateBuildFilesPath/Cl\!ck.build/Release-iphoneos/Cl\!ck.build/Cl\!ck.app.xcent /Users/saito/Library/Developer/Xcode/DerivedData/Cl\!ck-bfmwzmyniweqrgarnbzkjuaialon/Build/Intermediates.noindex/ArchiveIntermediates/Cl\!ck/InstallationBuildProductsLocation/Applications/Cl\!ck.app

RegisterExecutionPolicyException /Users/saito/Library/Developer/Xcode/DerivedData/Cl!ck-bfmwzmyniweqrgarnbzkjuaialon/Build/Intermediates.noindex/ArchiveIntermediates/Cl!ck/InstallationBuildProductsLocation/Applications/Cl!ck.app (in target 'Cl!ck' from project 'Cl!ck')
    cd /Users/saito/Develop/Click
    builtin-RegisterExecutionPolicyException /Users/saito/Library/Developer/Xcode/DerivedData/Cl\!ck-bfmwzmyniweqrgarnbzkjuaialon/Build/Intermediates.noindex/ArchiveIntermediates/Cl\!ck/InstallationBuildProductsLocation/Applications/Cl\!ck.app

Touch /Users/saito/Library/Developer/Xcode/DerivedData/Cl!ck-bfmwzmyniweqrgarnbzkjuaialon/Build/Intermediates.noindex/ArchiveIntermediates/Cl!ck/InstallationBuildProductsLocation/Applications/Cl!ck.app (in target 'Cl!ck' from project 'Cl!ck')
    cd /Users/saito/Develop/Click
    /usr/bin/touch -c /Users/saito/Library/Developer/Xcode/DerivedData/Cl\!ck-bfmwzmyniweqrgarnbzkjuaialon/Build/Intermediates.noindex/ArchiveIntermediates/Cl\!ck/InstallationBuildProductsLocation/Applications/Cl\!ck.app

Validate /Users/saito/Library/Developer/Xcode/DerivedData/Cl!ck-bfmwzmyniweqrgarnbzkjuaialon/Build/Intermediates.noindex/ArchiveIntermediates/Cl!ck/InstallationBuildProductsLocation/Applications/Cl!ck.app (in target 'Cl!ck' from project 'Cl!ck')
    cd /Users/saito/Develop/Click
    builtin-validationUtility /Users/saito/Library/Developer/Xcode/DerivedData/Cl\!ck-bfmwzmyniweqrgarnbzkjuaialon/Build/Intermediates.noindex/ArchiveIntermediates/Cl\!ck/InstallationBuildProductsLocation/Applications/Cl\!ck.app

Setting version of project Cl!ck to: 
    750.

Also setting CFBundleVersion key (assuming it exists)

Updating CFBundleVersion in Info.plist(s)...

Updated CFBundleVersion in "Cl!ck.xcodeproj/../Click/Info.plist" to 750
Updated CFBundleVersion in "Cl!ck.xcodeproj/../ClickTests/Info.plist" to 750
Updated CFBundleVersion in "Cl!ck.xcodeproj/../ClickUITests/Info.plist" to 750


** ARCHIVE SUCCEEDED **